<?xml version="1.0" encoding="UTF-8"?>
<!-- Generated by org.testng.reporters.JUnitReportReporter -->
<testsuite hostname="TTNPL-AnkitKumarpathak" failures="0" tests="5" name="com.ttn.TestCases.GetCustomerContactListTest" time="3.324" errors="0" timestamp="2023-01-06T17:18:14 IST" skipped="0">
  <testcase classname="com.ttn.TestCases.GetCustomerContactListTest" name="getCustomerContactList_With_BlankData" time="0.834"/>
  <system-out/>
  <testcase classname="com.ttn.TestCases.GetCustomerContactListTest" name="getCustomerContactList_With_Valid_Data_ExcelLeadId_One" time="0.540"/>
  <system-out/>
  <testcase classname="com.ttn.TestCases.GetCustomerContactListTest" name="getCustomerContactList_With_Invalid_ExcelLeadId" time="0.679"/>
  <system-out/>
  <testcase classname="com.ttn.TestCases.GetCustomerContactListTest" name="getCustomerContactList_With_Invalid_SvocId" time="0.646"/>
  <system-out/>
  <testcase classname="com.ttn.TestCases.GetCustomerContactListTest" name="getCustomerContactList_With_Valid_Data_ExcelLeadId_Zero" time="0.625"/>
  <system-out/>
</testsuite> <!-- com.ttn.TestCases.GetCustomerContactListTest -->
