<?xml version="1.0" encoding="UTF-8"?>
<!-- Generated by org.testng.reporters.JUnitReportReporter -->
<testsuite hostname="TTNPL-AnkitKumarpathak" failures="0" tests="3" name="com.ttn.master.testcases.GetNonMarutiServiceWorkshopMasterTest" time="5.627" errors="0" timestamp="2023-01-16T21:58:26 IST" skipped="0">
  <testcase classname="com.ttn.master.testcases.GetNonMarutiServiceWorkshopMasterTest" name="getNonMarutiServiceWorkshopMaster_With_Valid_Data" time="1.929"/>
  <system-out/>
  <testcase classname="com.ttn.master.testcases.GetNonMarutiServiceWorkshopMasterTest" name="getNonMarutiServiceWorkshopMaster_With_Invalid_LeadId" time="0.847"/>
  <system-out/>
  <testcase classname="com.ttn.master.testcases.GetNonMarutiServiceWorkshopMasterTest" name="getNonMarutiServiceWorkshopMaster_With_BlankData" time="2.851"/>
  <system-out/>
</testsuite> <!-- com.ttn.master.testcases.GetNonMarutiServiceWorkshopMasterTest -->
