<?xml version="1.0" encoding="UTF-8"?>
<!-- Generated by org.testng.reporters.JUnitReportReporter -->
<testsuite hostname="TTNPL-AnkitKumarpathak" failures="0" tests="5" name="com.ttn.TestCases.SmrFreshCallsTest" time="3.870" errors="0" timestamp="2023-01-12T14:02:01 IST" skipped="0">
  <testcase classname="com.ttn.TestCases.SmrFreshCallsTest" name="smrFreshCalls_InCorrect_DateFormat" time="0.492"/>
  <system-out/>
  <testcase classname="com.ttn.TestCases.SmrFreshCallsTest" name="smrFreshCalls_InCorrect_DealerID" time="0.930"/>
  <system-out/>
  <testcase classname="com.ttn.TestCases.SmrFreshCallsTest" name="smrFreshCalls_BlankData" time="0.643"/>
  <system-out/>
  <testcase classname="com.ttn.TestCases.SmrFreshCallsTest" name="smrFreshCalls_Correct_Input" time="0.964"/>
  <system-out/>
  <testcase classname="com.ttn.TestCases.SmrFreshCallsTest" name="smrFreshCalls_InCorrect_LeadCREID" time="0.841"/>
  <system-out/>
</testsuite> <!-- com.ttn.TestCases.SmrFreshCallsTest -->
