<?xml version="1.0" encoding="UTF-8"?>
<!-- Generated by org.testng.reporters.JUnitReportReporter -->
<testsuite hostname="TTNPL-DeepanshuTyagi" failures="0" tests="3" name="com.ttn.loyalty.testcases.LoyaltyCustomerDetailsTest" time="2.792" errors="0" timestamp="2023-02-16T09:54:26 IST" skipped="0">
  <testcase classname="com.ttn.loyalty.testcases.LoyaltyCustomerDetailsTest" name="ExistingLoyaltyCard" time="0.920"/>
  <system-out/>
  <testcase classname="com.ttn.loyalty.testcases.LoyaltyCustomerDetailsTest" name="NonExistingLoyaltyCard" time="0.862"/>
  <system-out/>
  <testcase classname="com.ttn.loyalty.testcases.LoyaltyCustomerDetailsTest" name="InvalidLoyaltyCard" time="1.010"/>
  <system-out/>
</testsuite> <!-- com.ttn.loyalty.testcases.LoyaltyCustomerDetailsTest -->
