<?xml version="1.0" encoding="UTF-8"?>
<!-- Generated by org.testng.reporters.JUnitReportReporter -->
<testsuite hostname="TTNPL-DeepanshuTyagi" failures="0" tests="11" name="com.ttn.MSGA.testcases.GetOrdEnqLineStatusTest" time="1.048" errors="0" timestamp="2023-03-16T14:10:08 IST" skipped="0">
  <testcase classname="com.ttn.MSGA.testcases.GetOrdEnqLineStatusTest" name="getOrdEnqLineStatus_Blank_P_LOC_CD" time="0.081"/>
  <system-out/>
  <testcase classname="com.ttn.MSGA.testcases.GetOrdEnqLineStatusTest" name="getOrdEnqLineStatus_Blank_P_ENQ_ORDER_NUM" time="0.104"/>
  <system-out/>
  <testcase classname="com.ttn.MSGA.testcases.GetOrdEnqLineStatusTest" name="getOrdEnqLineStatus_Invalid_P_DEALER_MAP_CD" time="0.090"/>
  <system-out/>
  <testcase classname="com.ttn.MSGA.testcases.GetOrdEnqLineStatusTest" name="getOrdEnqLineStatus_Invalid_P_LOC_CD" time="0.089"/>
  <system-out/>
  <testcase classname="com.ttn.MSGA.testcases.GetOrdEnqLineStatusTest" name="getOrdEnqLineStatus_Blank_P_FLAG" time="0.102"/>
  <system-out/>
  <testcase classname="com.ttn.MSGA.testcases.GetOrdEnqLineStatusTest" name="getOrdEnqLineStatus_Blank_P_DEALER_MAP_CD" time="0.029"/>
  <system-out/>
  <testcase classname="com.ttn.MSGA.testcases.GetOrdEnqLineStatusTest" name="getOrdEnqLineStatus_Blank_P_PARENT_GROUP" time="0.106"/>
  <system-out/>
  <testcase classname="com.ttn.MSGA.testcases.GetOrdEnqLineStatusTest" name="getOrdEnqLineStatus_ValidInput" time="0.143"/>
  <system-out/>
  <testcase classname="com.ttn.MSGA.testcases.GetOrdEnqLineStatusTest" name="getOrdEnqLineStatus_Invalid_P_PARENT_GROUP" time="0.095"/>
  <system-out/>
  <testcase classname="com.ttn.MSGA.testcases.GetOrdEnqLineStatusTest" name="getOrdEnqLineStatus_Invalid_P_ENQ_ORDER_NUM" time="0.110"/>
  <system-out/>
  <testcase classname="com.ttn.MSGA.testcases.GetOrdEnqLineStatusTest" name="getOrdEnqLineStatus_Invalid_P_FLAG" time="0.099"/>
  <system-out/>
</testsuite> <!-- com.ttn.MSGA.testcases.GetOrdEnqLineStatusTest -->
