<?xml version="1.0" encoding="UTF-8"?>
<!-- Generated by org.testng.reporters.JUnitReportReporter -->
<testsuite hostname="TTNPL-DeepanshuTyagi" failures="0" tests="7" name="com.ttn.MSGA.testcases.FetchDealerDetailsTest" time="0.591" errors="0" timestamp="2023-03-16T14:10:08 IST" skipped="0">
  <testcase classname="com.ttn.MSGA.testcases.FetchDealerDetailsTest" name="fetchDealerDetails_Invalid_P_mul_dealer_Cd" time="0.110"/>
  <system-out/>
  <testcase classname="com.ttn.MSGA.testcases.FetchDealerDetailsTest" name="fetchDealerDetails_p_for_Cd" time="0.098"/>
  <system-out/>
  <testcase classname="com.ttn.MSGA.testcases.FetchDealerDetailsTest" name="fetchDealerDetails_Invalid_p_pmc" time="0.037"/>
  <system-out/>
  <testcase classname="com.ttn.MSGA.testcases.FetchDealerDetailsTest" name="fetchDealerDetails_Blank_p_for_Cd" time="0.104"/>
  <system-out/>
  <testcase classname="com.ttn.MSGA.testcases.FetchDealerDetailsTest" name="fetchDealerDetails_ValidInput" time="0.118"/>
  <system-out/>
  <testcase classname="com.ttn.MSGA.testcases.FetchDealerDetailsTest" name="fetchDealerDetails_Blank_P_mul_dealer_Cd" time="0.095"/>
  <system-out/>
  <testcase classname="com.ttn.MSGA.testcases.FetchDealerDetailsTest" name="fetchDealerDetails_Blank_p_pmc" time="0.029"/>
  <system-out/>
</testsuite> <!-- com.ttn.MSGA.testcases.FetchDealerDetailsTest -->
