<?xml version="1.0" encoding="UTF-8"?>
<!-- Generated by org.testng.reporters.JUnitReportReporter -->
<testsuite hostname="TTNPL-AnkitKumarpathak" failures="0" tests="3" name="com.ttn.smrlead.testcases.GetLeadUpcomingDetailTest" time="9.008" errors="0" timestamp="2023-01-16T21:58:26 IST" skipped="0">
  <testcase classname="com.ttn.smrlead.testcases.GetLeadUpcomingDetailTest" name="getLeadUpcomingDetail_With_Invalid_LeadId" time="2.006"/>
  <system-out/>
  <testcase classname="com.ttn.smrlead.testcases.GetLeadUpcomingDetailTest" name="getLeadUpcomingDetail_With_Valid_Data" time="4.958"/>
  <system-out/>
  <testcase classname="com.ttn.smrlead.testcases.GetLeadUpcomingDetailTest" name="getLeadUpcomingDetail_With_BlankData" time="2.044"/>
  <system-out/>
</testsuite> <!-- com.ttn.smrlead.testcases.GetLeadUpcomingDetailTest -->
