<?xml version="1.0" encoding="UTF-8"?>
<!-- Generated by org.testng.reporters.JUnitReportReporter -->
<testsuite hostname="TTNPL-DeepanshuTyagi" failures="0" tests="3" name="com.ttn.MSGA.testcases.GetModelVarMappingTest" time="0.359" errors="0" timestamp="2023-03-16T14:10:08 IST" skipped="0">
  <testcase classname="com.ttn.MSGA.testcases.GetModelVarMappingTest" name="getModelVarMapping_FutureDate" time="0.100"/>
  <system-out/>
  <testcase classname="com.ttn.MSGA.testcases.GetModelVarMappingTest" name="getModelVarMapping_ValidInput" time="0.164"/>
  <system-out/>
  <testcase classname="com.ttn.MSGA.testcases.GetModelVarMappingTest" name="getModelVarMapping_Invalid_DateFormat" time="0.095"/>
  <system-out/>
</testsuite> <!-- com.ttn.MSGA.testcases.GetModelVarMappingTest -->
