<?xml version="1.0" encoding="UTF-8"?>
<!-- Generated by org.testng.reporters.JUnitReportReporter -->
<testsuite hostname="TTNPL-AnkitKumarpathak" failures="0" tests="3" name="com.ttn.TestCases.GetLeadUpcomingDetailTest" time="7.093" errors="0" timestamp="2023-01-09T13:52:26 IST" skipped="0">
  <testcase classname="com.ttn.TestCases.GetLeadUpcomingDetailTest" name="getLeadUpcomingDetail_With_BlankData" time="2.263"/>
  <system-out/>
  <testcase classname="com.ttn.TestCases.GetLeadUpcomingDetailTest" name="getLeadUpcomingDetail_With_Invalid_LeadId" time="3.130"/>
  <system-out/>
  <testcase classname="com.ttn.TestCases.GetLeadUpcomingDetailTest" name="getLeadUpcomingDetail_With_Valid_Data" time="1.700"/>
  <system-out/>
</testsuite> <!-- com.ttn.TestCases.GetLeadUpcomingDetailTest -->
