<?xml version="1.0" encoding="UTF-8"?>
<!-- Generated by org.testng.reporters.JUnitReportReporter -->
<testsuite hostname="TTNPL-AnkitKumarpathak" failures="0" tests="1" name="com.ttn.master.testcases.GetSmrServiceTypeMasterTest" time="3.485" errors="0" timestamp="2023-01-16T21:58:26 IST" skipped="0">
  <testcase classname="com.ttn.master.testcases.GetSmrServiceTypeMasterTest" name="getSmrServiceTypeMaster" time="3.485"/>
  <system-out/>
</testsuite> <!-- com.ttn.master.testcases.GetSmrServiceTypeMasterTest -->
