<?xml version="1.0" encoding="UTF-8"?>
<!-- Generated by org.testng.reporters.JUnitReportReporter -->
<testsuite hostname="TTNPL-DeepanshuTyagi" failures="0" tests="3" name="com.ttn.MSGA.testcases.GetCategoryMasterTest" time="0.327" errors="0" timestamp="2023-03-16T14:10:08 IST" skipped="0">
  <testcase classname="com.ttn.MSGA.testcases.GetCategoryMasterTest" name="getCategoryMaster_FutureDate" time="0.102"/>
  <system-out/>
  <testcase classname="com.ttn.MSGA.testcases.GetCategoryMasterTest" name="getCategoryMaster_ValidInput" time="0.122"/>
  <system-out/>
  <testcase classname="com.ttn.MSGA.testcases.GetCategoryMasterTest" name="getCategoryMaster_Invalid_DateFormat" time="0.103"/>
  <system-out/>
</testsuite> <!-- com.ttn.MSGA.testcases.GetCategoryMasterTest -->
