<?xml version="1.0" encoding="UTF-8"?>
<!-- Generated by org.testng.reporters.JUnitReportReporter -->
<testsuite hostname="TTNPL-DeepanshuTyagi" failures="0" tests="7" name="com.ttn.MSGP.testcases.GetModelMasterTest" time="0.647" errors="0" timestamp="2023-03-16T14:10:08 IST" skipped="0">
  <testcase classname="com.ttn.MSGP.testcases.GetModelMasterTest" name="getModelMaster_ValidInput" time="0.083"/>
  <system-out/>
  <testcase classname="com.ttn.MSGP.testcases.GetModelMasterTest" name="getModelMaster_futureDate" time="0.088"/>
  <system-out/>
  <testcase classname="com.ttn.MSGP.testcases.GetModelMasterTest" name="getModelMaster_InvalidInput" time="0.090"/>
  <system-out/>
  <testcase classname="com.ttn.MSGP.testcases.GetModelMasterTest" name="getModelMaster_ValidInput" time="0.089"/>
  <system-out/>
  <testcase classname="com.ttn.MSGP.testcases.GetModelMasterTest" name="getModelMaster_InvalidInput" time="0.102"/>
  <system-out/>
  <testcase classname="com.ttn.MSGP.testcases.GetModelMasterTest" name="getModelMaster_futureDate" time="0.099"/>
  <system-out/>
  <testcase classname="com.ttn.MSGP.testcases.GetModelMasterTest" name="getModelMaster_ValidInput" time="0.096"/>
  <system-out/>
</testsuite> <!-- com.ttn.MSGP.testcases.GetModelMasterTest -->
