<?xml version="1.0" encoding="UTF-8"?>
<!-- Generated by org.testng.reporters.JUnitReportReporter -->
<testsuite hostname="TTNPL-AnkitKumarpathak" failures="0" tests="3" name="com.ttn.TestCases.GetSmrPickupPointTest" time="1.880" errors="0" timestamp="2023-01-05T22:36:22 IST" skipped="0">
  <testcase classname="com.ttn.TestCases.GetSmrPickupPointTest" name="getSmrPickupPoint_With_Valid_Data" time="0.538"/>
  <system-out/>
  <testcase classname="com.ttn.TestCases.GetSmrPickupPointTest" name="getSmrPickupPoint_With_BlankData" time="0.669"/>
  <system-out/>
  <testcase classname="com.ttn.TestCases.GetSmrPickupPointTest" name="getSmrPickupPoint_With_Invalid_SvocId" time="0.673"/>
  <system-out/>
</testsuite> <!-- com.ttn.TestCases.GetSmrPickupPointTest -->
