<?xml version="1.0" encoding="UTF-8"?>
<!-- Generated by org.testng.reporters.JUnitReportReporter -->
<testsuite hostname="TTNPL-DeepanshuTyagi" failures="0" tests="4" name="com.ttn.MSGA.testcases.GetEscDataAccTest" time="2.315" errors="0" timestamp="2023-03-16T14:10:08 IST" skipped="0">
  <testcase classname="com.ttn.MSGA.testcases.GetEscDataAccTest" name="getEscDataAcc_Invalid_PMC" time="0.343"/>
  <system-out/>
  <testcase classname="com.ttn.MSGA.testcases.GetEscDataAccTest" name="getEscDataAcc_Blank_P_LOC_CD" time="0.398"/>
  <system-out/>
  <testcase classname="com.ttn.MSGA.testcases.GetEscDataAccTest" name="getEscDataAcc_ValidInput" time="1.526"/>
  <system-out/>
  <testcase classname="com.ttn.MSGA.testcases.GetEscDataAccTest" name="getEscDataAcc_Blank_PMC" time="0.048"/>
  <system-out/>
</testsuite> <!-- com.ttn.MSGA.testcases.GetEscDataAccTest -->
