<?xml version="1.0" encoding="UTF-8"?>
<!-- Generated by org.testng.reporters.JUnitReportReporter -->
<testsuite hostname="TTNPL-AnkitKumarpathak" failures="0" tests="4" name="com.ttn.TestCases.TotalCallsTest" time="6.537" errors="0" timestamp="2023-01-05T19:03:32 IST" skipped="0">
  <testcase classname="com.ttn.TestCases.TotalCallsTest" name="totalCalls_BlankData" time="0.615"/>
  <system-out/>
  <testcase classname="com.ttn.TestCases.TotalCallsTest" name="totalCalls_InCorrect_Date" time="0.452"/>
  <system-out/>
  <testcase classname="com.ttn.TestCases.TotalCallsTest" name="totalCalls_Correct_Input" time="4.679"/>
  <system-out/>
  <testcase classname="com.ttn.TestCases.TotalCallsTest" name="totalCalls_InCorrect_Dealer_LeadID" time="0.791"/>
  <system-out/>
</testsuite> <!-- com.ttn.TestCases.TotalCallsTest -->
