<?xml version="1.0" encoding="UTF-8"?>
<!-- Generated by org.testng.reporters.JUnitReportReporter -->
<testsuite hostname="TTNPL-DeepanshuTyagi" failures="0" tests="7" name="com.ttn.loyalty.testcases.FetchDealerDetailsTest" time="5.877" errors="0" timestamp="2023-02-16T09:54:26 IST" skipped="0">
  <testcase classname="com.ttn.loyalty.testcases.FetchDealerDetailsTest" name="ValidDealerDetail" time="0.870"/>
  <system-out/>
  <testcase classname="com.ttn.loyalty.testcases.FetchDealerDetailsTest" name="BlankDealerCode" time="0.846"/>
  <system-out/>
  <testcase classname="com.ttn.loyalty.testcases.FetchDealerDetailsTest" name="InvalidDealerCode" time="0.888"/>
  <system-out/>
  <testcase classname="com.ttn.loyalty.testcases.FetchDealerDetailsTest" name="BlankFor_CD" time="0.815"/>
  <system-out/>
  <testcase classname="com.ttn.loyalty.testcases.FetchDealerDetailsTest" name="InvalidFor_CD" time="0.739"/>
  <system-out/>
  <testcase classname="com.ttn.loyalty.testcases.FetchDealerDetailsTest" name="Blank_PMC" time="0.763"/>
  <system-out/>
  <testcase classname="com.ttn.loyalty.testcases.FetchDealerDetailsTest" name="Invalid_PMC" time="0.956"/>
  <system-out/>
</testsuite> <!-- com.ttn.loyalty.testcases.FetchDealerDetailsTest -->
