<?xml version="1.0" encoding="UTF-8"?>
<!-- Generated by org.testng.reporters.JUnitReportReporter -->
<testsuite hostname="TTNPL-DeepanshuTyagi" failures="0" tests="19" name="com.ttn.MSGP.testcases.InsertAccEnquiryTest" time="1.996" errors="0" timestamp="2023-03-16T14:10:08 IST" skipped="0">
  <testcase classname="com.ttn.MSGP.testcases.InsertAccEnquiryTest" name="insertAccEnquiry_Blank_P_PARENT_GROUP" time="0.103"/>
  <system-out/>
  <testcase classname="com.ttn.MSGP.testcases.InsertAccEnquiryTest" name="insertAccEnquiry_Invalid_P_APPOINT_TIME" time="0.023"/>
  <system-out/>
  <testcase classname="com.ttn.MSGP.testcases.InsertAccEnquiryTest" name="insertAccEnquiry_ValidInput" time="0.146"/>
  <system-out/>
  <testcase classname="com.ttn.MSGP.testcases.InsertAccEnquiryTest" name="insertAccEnquiry_ValidInput" time="0.121"/>
  <system-out/>
  <testcase classname="com.ttn.MSGP.testcases.InsertAccEnquiryTest" name="insertAccEnquiry_Blank_P_APPOINT_TIME" time="0.024"/>
  <system-out/>
  <testcase classname="com.ttn.MSGP.testcases.InsertAccEnquiryTest" name="insertAccEnquiry_Blank_P_DEALER_MAP_CD" time="0.095"/>
  <system-out/>
  <testcase classname="com.ttn.MSGP.testcases.InsertAccEnquiryTest" name="insertAccEnquiry_Blank_P_SOURCE" time="0.099"/>
  <system-out/>
  <testcase classname="com.ttn.MSGP.testcases.InsertAccEnquiryTest" name="insertAccEnquiry_Invalid_P_ENQ_CATG" time="0.103"/>
  <system-out/>
  <testcase classname="com.ttn.MSGP.testcases.InsertAccEnquiryTest" name="insertAccEnquiry_Blank_P_CUST_FNAME" time="0.085"/>
  <system-out/>
  <testcase classname="com.ttn.MSGP.testcases.InsertAccEnquiryTest" name="insertAccEnquiry_Blank_P_PHONE" time="0.117"/>
  <system-out/>
  <testcase classname="com.ttn.MSGP.testcases.InsertAccEnquiryTest" name="insertAccEnquiry_Blank_P_LOC_CD" time="0.183"/>
  <system-out/>
  <testcase classname="com.ttn.MSGP.testcases.InsertAccEnquiryTest" name="insertAccEnquiry_ValidInput" time="0.143"/>
  <system-out/>
  <testcase classname="com.ttn.MSGP.testcases.InsertAccEnquiryTest" name="insertAccEnquiry_Invalid_P_DEALER_MAP_CD" time="0.104"/>
  <system-out/>
  <testcase classname="com.ttn.MSGP.testcases.InsertAccEnquiryTest" name="insertAccEnquiry_Blank_P_MODE" time="0.089"/>
  <system-out/>
  <testcase classname="com.ttn.MSGP.testcases.InsertAccEnquiryTest" name="insertAccEnquiry_Blank_P_ENQ_CATG" time="0.084"/>
  <system-out/>
  <testcase classname="com.ttn.MSGP.testcases.InsertAccEnquiryTest" name="insertAccEnquiry_Invalid_P_LOC_CD" time="0.088"/>
  <system-out/>
  <testcase classname="com.ttn.MSGP.testcases.InsertAccEnquiryTest" name="insertAccEnquiry_Blank_P_ENQ_DATE" time="0.110"/>
  <system-out/>
  <testcase classname="com.ttn.MSGP.testcases.InsertAccEnquiryTest" name="insertAccEnquiry_ValidInput" time="0.175"/>
  <system-out/>
  <testcase classname="com.ttn.MSGP.testcases.InsertAccEnquiryTest" name="insertAccEnquiry_Invalid_P_PARENT_GROUP" time="0.104"/>
  <system-out/>
</testsuite> <!-- com.ttn.MSGP.testcases.InsertAccEnquiryTest -->
