<?xml version="1.0" encoding="UTF-8"?>
<!-- Generated by org.testng.reporters.JUnitReportReporter -->
<testsuite hostname="TTNPL-AnkitKumarpathak" failures="0" tests="1" name="com.ttn.TestCases.testDB" time="0.007" errors="0" timestamp="2022-12-19T15:24:54 IST" skipped="0">
  <testcase classname="com.ttn.TestCases.testDB" name="testConn" time="0.007"/>
  <system-out/>
</testsuite> <!-- com.ttn.TestCases.testDB -->
