<?xml version="1.0" encoding="UTF-8"?>
<!-- Generated by org.testng.reporters.JUnitReportReporter -->
<testsuite hostname="TTNPL-DeepanshuTyagi" failures="0" tests="3" name="com.ttn.MSGA.testcases.GetSubCategoryMasterTest" time="32.245" errors="0" timestamp="2023-03-16T14:10:08 IST" skipped="0">
  <testcase classname="com.ttn.MSGA.testcases.GetSubCategoryMasterTest" name="getSubCategoryMaster_ValidInput" time="6.464"/>
  <system-out/>
  <testcase classname="com.ttn.MSGA.testcases.GetSubCategoryMasterTest" name="getSubCategoryMaster_Invalid_DateFormat" time="0.037"/>
  <system-out/>
  <testcase classname="com.ttn.MSGA.testcases.GetSubCategoryMasterTest" name="getSubCategoryMaster_FutureDate" time="25.744"/>
  <system-out/>
</testsuite> <!-- com.ttn.MSGA.testcases.GetSubCategoryMasterTest -->
