<?xml version="1.0" encoding="UTF-8"?>
<!-- Generated by org.testng.reporters.JUnitReportReporter -->
<testsuite hostname="TTNPL-DeepanshuTyagi" failures="0" tests="5" name="com.ttn.MSGA.testcases.BookingCancelTest" time="1.610" errors="0" timestamp="2023-03-13T16:39:43 IST" skipped="0">
  <testcase classname="com.ttn.MSGA.testcases.BookingCancelTest" name="bookingCancel_Blank_P_DEALER_MAP_CD" time="0.927"/>
  <system-out/>
  <testcase classname="com.ttn.MSGA.testcases.BookingCancelTest" name="bookingCancel_Blank_P_REFUND_AMT" time="0.052"/>
  <system-out/>
  <testcase classname="com.ttn.MSGA.testcases.BookingCancelTest" name="bookingCancel_ValidInput" time="0.540"/>
  <system-out/>
  <testcase classname="com.ttn.MSGA.testcases.BookingCancelTest" name="bookingCancel_Invalid_P_DEALER_MAP_CD" time="0.047"/>
  <system-out/>
  <testcase classname="com.ttn.MSGA.testcases.BookingCancelTest" name="bookingCancel_Invalid_P_REFUND_AMT" time="0.044"/>
  <system-out/>
</testsuite> <!-- com.ttn.MSGA.testcases.BookingCancelTest -->
