<?xml version="1.0" encoding="UTF-8"?>
<!-- Generated by org.testng.reporters.JUnitReportReporter -->
<testsuite hostname="TTNPL-AnkitKumarpathak" failures="0" tests="4" name="com.ttn.TestCases.PendingCallsTest" time="7.318" errors="0" timestamp="2023-01-05T19:14:26 IST" skipped="0">
  <testcase classname="com.ttn.TestCases.PendingCallsTest" name="pendingCalls_BlankData" time="0.833"/>
  <system-out/>
  <testcase classname="com.ttn.TestCases.PendingCallsTest" name="pendingCalls_Correct_Input" time="5.150"/>
  <system-out/>
  <testcase classname="com.ttn.TestCases.PendingCallsTest" name="pendingCalls_InCorrect_Date" time="0.543"/>
  <system-out/>
  <testcase classname="com.ttn.TestCases.PendingCallsTest" name="pendingCalls_InCorrect_Dealer_LeadID" time="0.792"/>
  <system-out/>
</testsuite> <!-- com.ttn.TestCases.PendingCallsTest -->
