<?xml version="1.0" encoding="UTF-8"?>
<!-- Generated by org.testng.reporters.JUnitReportReporter -->
<testsuite hostname="TTNPL-AnkitKumarpathak" failures="0" tests="4" name="com.ttn.TestCases.CheckRefuseAndReportedServiceCustomerPageTest" time="2.836" errors="0" timestamp="2023-01-09T14:22:08 IST" skipped="0">
  <testcase classname="com.ttn.TestCases.CheckRefuseAndReportedServiceCustomerPageTest" name="checkRefuseAndReportedServiceCustomerPage_With_Invalid_LeadId" time="0.770"/>
  <system-out/>
  <testcase classname="com.ttn.TestCases.CheckRefuseAndReportedServiceCustomerPageTest" name="checkRefuseAndReportedServiceCustomerPage_With_Invalid_Vin" time="0.656"/>
  <system-out/>
  <testcase classname="com.ttn.TestCases.CheckRefuseAndReportedServiceCustomerPageTest" name="checkRefuseAndReportedServiceCustomerPage_With_Valid_Data" time="0.567"/>
  <system-out/>
  <testcase classname="com.ttn.TestCases.CheckRefuseAndReportedServiceCustomerPageTest" name="checkRefuseAndReportedServiceCustomerPage_With_BlankData" time="0.843"/>
  <system-out/>
</testsuite> <!-- com.ttn.TestCases.CheckRefuseAndReportedServiceCustomerPageTest -->
