<?xml version="1.0" encoding="UTF-8"?>
<!-- Generated by org.testng.reporters.JUnitReportReporter -->
<testsuite hostname="TTNPL-AnkitKumarpathak" failures="0" tests="5" name="com.ttn.smrlead.testcases.GetRefuseForServiceCallsTest" time="14.901" errors="0" timestamp="2023-01-16T21:58:26 IST" skipped="0">
  <testcase classname="com.ttn.smrlead.testcases.GetRefuseForServiceCallsTest" name="getRefuseForServiceCalls_InCorrect_LeadCREID" time="2.340"/>
  <system-out/>
  <testcase classname="com.ttn.smrlead.testcases.GetRefuseForServiceCallsTest" name="getRefuseForServiceCalls_InCorrect_DateFormat" time="3.148"/>
  <system-out/>
  <testcase classname="com.ttn.smrlead.testcases.GetRefuseForServiceCallsTest" name="getRefuseForServiceCalls_BlankData" time="3.290"/>
  <system-out/>
  <testcase classname="com.ttn.smrlead.testcases.GetRefuseForServiceCallsTest" name="getRefuseForServiceCalls_InCorrect_DealerID" time="2.050"/>
  <system-out/>
  <testcase classname="com.ttn.smrlead.testcases.GetRefuseForServiceCallsTest" name="getRefuseForServiceCalls_Correct_Input" time="4.073"/>
  <system-out/>
</testsuite> <!-- com.ttn.smrlead.testcases.GetRefuseForServiceCallsTest -->
