<?xml version="1.0" encoding="UTF-8"?>
<!-- Generated by org.testng.reporters.JUnitReportReporter -->
<testsuite hostname="TTNPL-AnkitKumarpathak" failures="0" tests="4" name="com.ttn.TestCases.GetDriverListTest" time="7.726" errors="0" timestamp="2023-01-05T21:48:21 IST" skipped="0">
  <testcase classname="com.ttn.TestCases.GetDriverListTest" name="getDriverList_With_Invalid_LocCd" time="0.527"/>
  <system-out/>
  <testcase classname="com.ttn.TestCases.GetDriverListTest" name="getDriverList_With_Invalid_DealerMapCd" time="0.930"/>
  <system-out/>
  <testcase classname="com.ttn.TestCases.GetDriverListTest" name="getDriverList_With_BlankData" time="0.702"/>
  <system-out/>
  <testcase classname="com.ttn.TestCases.GetDriverListTest" name="getDriverList_With_Valid_Data" time="5.567"/>
  <system-out/>
</testsuite> <!-- com.ttn.TestCases.GetDriverListTest -->
