<?xml version="1.0" encoding="UTF-8"?>
<!-- Generated by org.testng.reporters.JUnitReportReporter -->
<testsuite hostname="TTNPL-AnkitKumarpathak" failures="0" tests="5" name="com.ttn.smrlead.testcases.SmrTodaysAppointmentCallsTest" time="24.000" errors="0" timestamp="2023-01-16T21:58:26 IST" skipped="0">
  <testcase classname="com.ttn.smrlead.testcases.SmrTodaysAppointmentCallsTest" name="smrTodaysAppointmentCalls_BlankData" time="6.043"/>
  <system-out/>
  <testcase classname="com.ttn.smrlead.testcases.SmrTodaysAppointmentCallsTest" name="smrTodaysAppointmentCalls_Correct_Input" time="5.511"/>
  <system-out/>
  <testcase classname="com.ttn.smrlead.testcases.SmrTodaysAppointmentCallsTest" name="smrTodaysAppointmentCalls_InCorrect_DateFormat" time="5.217"/>
  <system-out/>
  <testcase classname="com.ttn.smrlead.testcases.SmrTodaysAppointmentCallsTest" name="smrTodaysAppointmentCalls_InCorrect_LeadCREID" time="3.770"/>
  <system-out/>
  <testcase classname="com.ttn.smrlead.testcases.SmrTodaysAppointmentCallsTest" name="smrTodaysAppointmentCalls_InCorrect_DealerID" time="3.459"/>
  <system-out/>
</testsuite> <!-- com.ttn.smrlead.testcases.SmrTodaysAppointmentCallsTest -->
