<?xml version="1.0" encoding="UTF-8"?>
<!-- Generated by org.testng.reporters.JUnitReportReporter -->
<testsuite hostname="TTNPL-AnkitKumarpathak" failures="0" tests="5" name="com.ttn.marutibookingandappointment.testcases.GetTimeSlotTest" time="49.645" errors="0" timestamp="2023-01-16T21:58:26 IST" skipped="0">
  <testcase classname="com.ttn.marutibookingandappointment.testcases.GetTimeSlotTest" name="getTimeSlot_With_BlankData" time="3.969"/>
  <system-out/>
  <testcase classname="com.ttn.marutibookingandappointment.testcases.GetTimeSlotTest" name="getTimeSlot_With_Valid_Data" time="22.469"/>
  <system-out/>
  <testcase classname="com.ttn.marutibookingandappointment.testcases.GetTimeSlotTest" name="getTimeSlot_With_Invalid_LeadId" time="1.848"/>
  <system-out/>
  <testcase classname="com.ttn.marutibookingandappointment.testcases.GetTimeSlotTest" name="getTimeSlot_With_Invalid_DateFormat" time="2.535"/>
  <system-out/>
  <testcase classname="com.ttn.marutibookingandappointment.testcases.GetTimeSlotTest" name="getTimeSlot_With_Invalid_DealerId" time="18.824"/>
  <system-out/>
</testsuite> <!-- com.ttn.marutibookingandappointment.testcases.GetTimeSlotTest -->
