<?xml version="1.0" encoding="UTF-8"?>
<!-- Generated by org.testng.reporters.JUnitReportReporter -->
<testsuite hostname="TTNPL-AnkitKumarpathak" failures="0" tests="4" name="com.ttn.TestCases.SubmitSmrRefuseForServiceTest" time="2.856" errors="0" timestamp="2023-01-09T11:12:03 IST" skipped="0">
  <testcase classname="com.ttn.TestCases.SubmitSmrRefuseForServiceTest" name="submitSmrRefuseForService_With_Invalid_Data_Except_Date" time="0.780"/>
  <system-out/>
  <testcase classname="com.ttn.TestCases.SubmitSmrRefuseForServiceTest" name="submitSmrRefuseForService_With_Valid_Data" time="0.595"/>
  <system-out/>
  <testcase classname="com.ttn.TestCases.SubmitSmrRefuseForServiceTest" name="submitSmrRefuseForService_With_BlankData" time="0.937"/>
  <system-out/>
  <testcase classname="com.ttn.TestCases.SubmitSmrRefuseForServiceTest" name="submitSmrRefuseForService_With_Invalid_DateFormat" time="0.544"/>
  <system-out/>
</testsuite> <!-- com.ttn.TestCases.SubmitSmrRefuseForServiceTest -->
