<?xml version="1.0" encoding="UTF-8"?>
<!-- Generated by org.testng.reporters.JUnitReportReporter -->
<testsuite hostname="TTNPL-AnkitKumarpathak" failures="0" tests="11" name="com.ttn.customerdetail.testcases.FetchCustomerGlobalDetailsTest" time="66.321" errors="0" timestamp="2023-01-16T21:58:26 IST" skipped="0">
  <testcase classname="com.ttn.customerdetail.testcases.FetchCustomerGlobalDetailsTest" name="fetchCustomerGlobalDetails_With_Invalid_DealerId" time="8.897"/>
  <system-out/>
  <testcase classname="com.ttn.customerdetail.testcases.FetchCustomerGlobalDetailsTest" name="fetchCustomerGlobalDetails_With_Invalid_SearchValue" time="4.233"/>
  <system-out/>
  <testcase classname="com.ttn.customerdetail.testcases.FetchCustomerGlobalDetailsTest" name="fetchCustomerGlobalDetails_With_Invalid_SearchBy" time="7.335"/>
  <system-out/>
  <testcase classname="com.ttn.customerdetail.testcases.FetchCustomerGlobalDetailsTest" name="fetchCustomerGlobalDetails_With_Invalid_SearchValue" time="3.851"/>
  <system-out/>
  <testcase classname="com.ttn.customerdetail.testcases.FetchCustomerGlobalDetailsTest" name="fetchCustomerGlobalDetails_With_Invalid_DealerParent" time="8.408"/>
  <system-out/>
  <testcase classname="com.ttn.customerdetail.testcases.FetchCustomerGlobalDetailsTest" name="fetchCustomerGlobalDetails_With_Invalid_DealerParent" time="6.067"/>
  <system-out/>
  <testcase classname="com.ttn.customerdetail.testcases.FetchCustomerGlobalDetailsTest" name="fetchCustomerGlobalDetails_With_Valid_Data" time="6.329"/>
  <system-out/>
  <testcase classname="com.ttn.customerdetail.testcases.FetchCustomerGlobalDetailsTest" name="fetchCustomerGlobalDetails_With_Invalid_SearchBy" time="8.431"/>
  <system-out/>
  <testcase classname="com.ttn.customerdetail.testcases.FetchCustomerGlobalDetailsTest" name="fetchCustomerGlobalDetails_With_BlankData" time="2.320"/>
  <system-out/>
  <testcase classname="com.ttn.customerdetail.testcases.FetchCustomerGlobalDetailsTest" name="fetchCustomerGlobalDetails_With_Invalid_DealerId" time="4.728"/>
  <system-out/>
  <testcase classname="com.ttn.customerdetail.testcases.FetchCustomerGlobalDetailsTest" name="fetchCustomerGlobalDetails_With_Valid_Data" time="5.722"/>
  <system-out/>
</testsuite> <!-- com.ttn.customerdetail.testcases.FetchCustomerGlobalDetailsTest -->
