<?xml version="1.0" encoding="UTF-8"?>
<!-- Generated by org.testng.reporters.JUnitReportReporter -->
<testsuite hostname="TTNPL-AnkitKumarpathak" failures="0" tests="5" name="com.ttn.TestCases.GetTimeSlotTest" time="5.797" errors="0" timestamp="2023-01-05T21:39:18 IST" skipped="0">
  <testcase classname="com.ttn.TestCases.GetTimeSlotTest" name="getTimeSlot_With_Invalid_DealerId" time="2.470"/>
  <system-out/>
  <testcase classname="com.ttn.TestCases.GetTimeSlotTest" name="getTimeSlot_With_BlankData" time="0.614"/>
  <system-out/>
  <testcase classname="com.ttn.TestCases.GetTimeSlotTest" name="getTimeSlot_With_Invalid_DateFormat" time="0.538"/>
  <system-out/>
  <testcase classname="com.ttn.TestCases.GetTimeSlotTest" name="getTimeSlot_With_Invalid_LeadId" time="0.442"/>
  <system-out/>
  <testcase classname="com.ttn.TestCases.GetTimeSlotTest" name="getTimeSlot_With_Valid_Data" time="1.733"/>
  <system-out/>
</testsuite> <!-- com.ttn.TestCases.GetTimeSlotTest -->
