<?xml version="1.0" encoding="UTF-8"?>
<!-- Generated by org.testng.reporters.JUnitReportReporter -->
<testsuite hostname="TTNPL-DeepanshuTyagi" failures="0" tests="3" name="com.ttn.loyalty.testcases.GetTiersBadgesTest" time="2.338" errors="0" timestamp="2023-02-16T09:54:26 IST" skipped="0">
  <testcase classname="com.ttn.loyalty.testcases.GetTiersBadgesTest" name="ValidTier" time="0.844"/>
  <system-out/>
  <testcase classname="com.ttn.loyalty.testcases.GetTiersBadgesTest" name="InvalidTier" time="0.662"/>
  <system-out/>
  <testcase classname="com.ttn.loyalty.testcases.GetTiersBadgesTest" name="BlankTier" time="0.832"/>
  <system-out/>
</testsuite> <!-- com.ttn.loyalty.testcases.GetTiersBadgesTest -->
