<?xml version="1.0" encoding="UTF-8"?>
<!-- Generated by org.testng.reporters.JUnitReportReporter -->
<testsuite hostname="TTNPL-AnkitKumarpathak" failures="0" tests="5" name="com.ttn.TestCases.SmrFollowUpCallsTest" time="4.880" errors="0" timestamp="2023-01-12T16:29:48 IST" skipped="0">
  <testcase classname="com.ttn.TestCases.SmrFollowUpCallsTest" name="smrFollowUpCalls_BlankData" time="0.783"/>
  <system-out/>
  <testcase classname="com.ttn.TestCases.SmrFollowUpCallsTest" name="smrFollowUpCalls_Correct_Input" time="1.373"/>
  <system-out/>
  <testcase classname="com.ttn.TestCases.SmrFollowUpCallsTest" name="smrFollowUpCalls_InCorrect_DateFormat" time="0.676"/>
  <system-out/>
  <testcase classname="com.ttn.TestCases.SmrFollowUpCallsTest" name="smrFollowUpCalls_InCorrect_LeadCREID" time="0.995"/>
  <system-out/>
  <testcase classname="com.ttn.TestCases.SmrFollowUpCallsTest" name="smrFollowUpCalls_InCorrect_DealerID" time="1.053"/>
  <system-out/>
</testsuite> <!-- com.ttn.TestCases.SmrFollowUpCallsTest -->
