<?xml version="1.0" encoding="UTF-8"?>
<!-- Generated by org.testng.reporters.JUnitReportReporter -->
<testsuite hostname="TTNPL-DeepanshuTyagi" failures="0" tests="1" name="com.ttn.MSGP.testcases.Get_Esp_DataTest" time="0.000" errors="0" timestamp="2023-02-16T14:32:08 IST" skipped="1">
  <testcase classname="com.ttn.MSGP.testcases.Get_Esp_DataTest" name="ExistingCustomer" time="0.000">
    <skipped/>
  </testcase> <!-- ExistingCustomer -->
  <system-out/>
</testsuite> <!-- com.ttn.MSGP.testcases.Get_Esp_DataTest -->
