<?xml version="1.0" encoding="UTF-8"?>
<!-- Generated by org.testng.reporters.JUnitReportReporter -->
<testsuite hostname="TTNPL-DeepanshuTyagi" failures="0" tests="7" name="com.ttn.MSGA.testcases.GetCommmonMasterTest" time="0.690" errors="0" timestamp="2023-03-16T14:10:08 IST" skipped="0">
  <testcase classname="com.ttn.MSGA.testcases.GetCommmonMasterTest" name="getCommmonMaster_ValidInput" time="0.095"/>
  <system-out/>
  <testcase classname="com.ttn.MSGA.testcases.GetCommmonMasterTest" name="getCommmonMaster_Blank_AuthToken" time="0.039"/>
  <system-out/>
  <testcase classname="com.ttn.MSGA.testcases.GetCommmonMasterTest" name="getCommmonMaster_Invalid_AuthToken" time="0.028"/>
  <system-out/>
  <testcase classname="com.ttn.MSGA.testcases.GetCommmonMasterTest" name="getCommmonMaster_Invalid_Date" time="0.084"/>
  <system-out/>
  <testcase classname="com.ttn.MSGA.testcases.GetCommmonMasterTest" name="getCommmonMaster_ValidInput" time="0.204"/>
  <system-out/>
  <testcase classname="com.ttn.MSGA.testcases.GetCommmonMasterTest" name="getCommmonMaster_ValidInput" time="0.110"/>
  <system-out/>
  <testcase classname="com.ttn.MSGA.testcases.GetCommmonMasterTest" name="getCommmonMaster_Invalid_Date" time="0.130"/>
  <system-out/>
</testsuite> <!-- com.ttn.MSGA.testcases.GetCommmonMasterTest -->
