<?xml version="1.0" encoding="UTF-8"?>
<!-- Generated by org.testng.reporters.JUnitReportReporter -->
<testsuite hostname="TTNPL-AnkitKumarpathak" failures="0" tests="4" name="com.ttn.smrlead.testcases.SubmitSmrRefuseForServiceTest" time="13.984" errors="0" timestamp="2023-01-16T21:58:26 IST" skipped="0">
  <testcase classname="com.ttn.smrlead.testcases.SubmitSmrRefuseForServiceTest" name="submitSmrRefuseForService_With_BlankData" time="3.354"/>
  <system-out/>
  <testcase classname="com.ttn.smrlead.testcases.SubmitSmrRefuseForServiceTest" name="submitSmrRefuseForService_With_Valid_Data" time="3.159"/>
  <system-out/>
  <testcase classname="com.ttn.smrlead.testcases.SubmitSmrRefuseForServiceTest" name="submitSmrRefuseForService_With_Invalid_DateFormat" time="2.494"/>
  <system-out/>
  <testcase classname="com.ttn.smrlead.testcases.SubmitSmrRefuseForServiceTest" name="submitSmrRefuseForService_With_Invalid_Data_Except_Date" time="4.977"/>
  <system-out/>
</testsuite> <!-- com.ttn.smrlead.testcases.SubmitSmrRefuseForServiceTest -->
