<?xml version="1.0" encoding="UTF-8"?>
<!-- Generated by org.testng.reporters.JUnitReportReporter -->
<testsuite hostname="TTNPL-DeepanshuTyagi" failures="0" tests="11" name="com.ttn.MSGA.testcases.GET_ORD_ENQ_LINE_STATUSTest" time="2.012" errors="0" timestamp="2023-03-01T09:18:28 IST" skipped="0">
  <testcase classname="com.ttn.MSGA.testcases.GET_ORD_ENQ_LINE_STATUSTest" name="Invalid_P_FLAG" time="0.187"/>
  <system-out/>
  <testcase classname="com.ttn.MSGA.testcases.GET_ORD_ENQ_LINE_STATUSTest" name="Blank_P_DEALER_MAP_CD" time="0.055"/>
  <system-out/>
  <testcase classname="com.ttn.MSGA.testcases.GET_ORD_ENQ_LINE_STATUSTest" name="Invalid_P_PARENT_GROUP" time="0.202"/>
  <system-out/>
  <testcase classname="com.ttn.MSGA.testcases.GET_ORD_ENQ_LINE_STATUSTest" name="Blank_P_FLAG" time="0.225"/>
  <system-out/>
  <testcase classname="com.ttn.MSGA.testcases.GET_ORD_ENQ_LINE_STATUSTest" name="Invalid_P_DEALER_MAP_CD" time="0.178"/>
  <system-out/>
  <testcase classname="com.ttn.MSGA.testcases.GET_ORD_ENQ_LINE_STATUSTest" name="Blank_P_PARENT_GROUP" time="0.162"/>
  <system-out/>
  <testcase classname="com.ttn.MSGA.testcases.GET_ORD_ENQ_LINE_STATUSTest" name="Blank_P_LOC_CD" time="0.227"/>
  <system-out/>
  <testcase classname="com.ttn.MSGA.testcases.GET_ORD_ENQ_LINE_STATUSTest" name="Invalid_P_ENQ_ORDER_NUM" time="0.195"/>
  <system-out/>
  <testcase classname="com.ttn.MSGA.testcases.GET_ORD_ENQ_LINE_STATUSTest" name="Blank_P_ENQ_ORDER_NUM" time="0.171"/>
  <system-out/>
  <testcase classname="com.ttn.MSGA.testcases.GET_ORD_ENQ_LINE_STATUSTest" name="ValidInput" time="0.227"/>
  <system-out/>
  <testcase classname="com.ttn.MSGA.testcases.GET_ORD_ENQ_LINE_STATUSTest" name="Invalid_P_LOC_CD" time="0.183"/>
  <system-out/>
</testsuite> <!-- com.ttn.MSGA.testcases.GET_ORD_ENQ_LINE_STATUSTest -->
