<?xml version="1.0" encoding="UTF-8"?>
<!-- Generated by org.testng.reporters.JUnitReportReporter -->
<testsuite hostname="TTNPL-DeepanshuTyagi" failures="0" tests="2" name="com.ttn.MSGA.testcases.GetAccOrdTest" time="0.458" errors="0" timestamp="2023-03-16T14:10:08 IST" skipped="0">
  <testcase classname="com.ttn.MSGA.testcases.GetAccOrdTest" name="getAccOrd_InvalidInput" time="0.124"/>
  <system-out/>
  <testcase classname="com.ttn.MSGA.testcases.GetAccOrdTest" name="getAccOrd_ValidInput" time="0.334"/>
  <system-out/>
</testsuite> <!-- com.ttn.MSGA.testcases.GetAccOrdTest -->
