<?xml version="1.0" encoding="UTF-8"?>
<!-- Generated by org.testng.reporters.JUnitReportReporter -->
<testsuite hostname="TTNPL-AnkitKumarpathak" failures="0" tests="5" name="com.ttn.TestCases.QuickWinsTest" time="3.655" errors="0" timestamp="2023-01-05T18:03:10 IST" skipped="0">
  <testcase classname="com.ttn.TestCases.QuickWinsTest" name="QuickWins_InCorrect_DealerID" time="0.820"/>
  <system-out/>
  <testcase classname="com.ttn.TestCases.QuickWinsTest" name="QuickWins_InCorrect_LeadCREID" time="0.764"/>
  <system-out/>
  <testcase classname="com.ttn.TestCases.QuickWinsTest" name="QuickWins_InCorrect_DateFormat" time="0.535"/>
  <system-out/>
  <testcase classname="com.ttn.TestCases.QuickWinsTest" name="QuickWins_BlankData" time="0.692"/>
  <system-out/>
  <testcase classname="com.ttn.TestCases.QuickWinsTest" name="QuickWins_Correct_Input" time="0.844"/>
  <system-out/>
</testsuite> <!-- com.ttn.TestCases.QuickWinsTest -->
