<?xml version="1.0" encoding="UTF-8"?>
<!-- Generated by org.testng.reporters.JUnitReportReporter -->
<testsuite hostname="TTNPL-AnkitKumarpathak" failures="0" tests="1" name="com.ttn.TestCases.GetCrossSellOportunityMasterTest" time="1.622" errors="0" timestamp="2023-01-03T18:33:02 IST" skipped="0">
  <testcase classname="com.ttn.TestCases.GetCrossSellOportunityMasterTest" name="getSmrServiceTypeMaster" time="1.622"/>
  <system-out/>
</testsuite> <!-- com.ttn.TestCases.GetCrossSellOportunityMasterTest -->
