<?xml version="1.0" encoding="UTF-8"?>
<!-- Generated by org.testng.reporters.JUnitReportReporter -->
<testsuite hostname="TTNPL-AnkitKumarpathak" failures="0" tests="4" name="com.ttn.TestCases.CustomerDetailsTest" time="13.155" errors="0" timestamp="2023-01-05T20:01:03 IST" skipped="0">
  <testcase classname="com.ttn.TestCases.CustomerDetailsTest" name="CustomerDetails_Correct_Input_WithCustomerOne" time="0.940"/>
  <system-out/>
  <testcase classname="com.ttn.TestCases.CustomerDetailsTest" name="CustomerDetails_BlankData" time="0.746"/>
  <system-out/>
  <testcase classname="com.ttn.TestCases.CustomerDetailsTest" name="CustomerDetails_InCorrect_SvocId" time="5.716"/>
  <system-out/>
  <testcase classname="com.ttn.TestCases.CustomerDetailsTest" name="CustomerDetails_Correct_Input_WithCustomerZero" time="5.753"/>
  <system-out/>
</testsuite> <!-- com.ttn.TestCases.CustomerDetailsTest -->
