<?xml version="1.0" encoding="UTF-8"?>
<!-- Generated by org.testng.reporters.JUnitReportReporter -->
<testsuite hostname="TTNPL-DeepanshuTyagi" failures="0" tests="3" name="com.ttn.MSGA.testcases.GetPartModelMappingTest" time="1.818" errors="0" timestamp="2023-03-16T14:10:08 IST" skipped="0">
  <testcase classname="com.ttn.MSGA.testcases.GetPartModelMappingTest" name="getPartModelMapping_FutureDate" time="0.130"/>
  <system-out/>
  <testcase classname="com.ttn.MSGA.testcases.GetPartModelMappingTest" name="getPartModelMapping_Invalid_DateFormat" time="0.202"/>
  <system-out/>
  <testcase classname="com.ttn.MSGA.testcases.GetPartModelMappingTest" name="getPartModelMapping_ValidInput" time="1.486"/>
  <system-out/>
</testsuite> <!-- com.ttn.MSGA.testcases.GetPartModelMappingTest -->
