<?xml version="1.0" encoding="UTF-8"?>
<!-- Generated by org.testng.reporters.JUnitReportReporter -->
<testsuite hostname="TTNPL-AnkitKumarpathak" failures="0" tests="5" name="com.ttn.smrlead.testcases.SmrReportedCallsTest" time="29.402" errors="0" timestamp="2023-01-16T21:58:26 IST" skipped="0">
  <testcase classname="com.ttn.smrlead.testcases.SmrReportedCallsTest" name="smrReportedCalls_InCorrect_DealerID" time="2.533"/>
  <system-out/>
  <testcase classname="com.ttn.smrlead.testcases.SmrReportedCallsTest" name="smrReportedCalls_BlankData" time="5.417"/>
  <system-out/>
  <testcase classname="com.ttn.smrlead.testcases.SmrReportedCallsTest" name="smrReportedCalls_InCorrect_DateFormat" time="1.903"/>
  <system-out/>
  <testcase classname="com.ttn.smrlead.testcases.SmrReportedCallsTest" name="smrReportedCalls_Correct_Input" time="16.592"/>
  <system-out/>
  <testcase classname="com.ttn.smrlead.testcases.SmrReportedCallsTest" name="smrReportedCalls_InCorrect_LeadCREID" time="2.957"/>
  <system-out/>
</testsuite> <!-- com.ttn.smrlead.testcases.SmrReportedCallsTest -->
