<?xml version="1.0" encoding="UTF-8"?>
<!-- Generated by org.testng.reporters.JUnitReportReporter -->
<testsuite hostname="TTNPL-DeepanshuTyagi" failures="0" tests="8" name="com.ttn.MSGP.testcases.GetEspDataTest" time="3.108" errors="0" timestamp="2023-03-16T14:10:08 IST" skipped="0">
  <testcase classname="com.ttn.MSGP.testcases.GetEspDataTest" name="getEscData_ValidInput" time="2.654"/>
  <system-out/>
  <testcase classname="com.ttn.MSGP.testcases.GetEspDataTest" name="getEscData_Invalid_P_PMC" time="0.033"/>
  <system-out/>
  <testcase classname="com.ttn.MSGP.testcases.GetEspDataTest" name="getEscData_Invalid_P_DLR_CD" time="0.116"/>
  <system-out/>
  <testcase classname="com.ttn.MSGP.testcases.GetEspDataTest" name="getEscData_Invalid_P_PMC" time="0.036"/>
  <system-out/>
  <testcase classname="com.ttn.MSGP.testcases.GetEspDataTest" name="getEscData_Non_Existing_P_PMC" time="0.088"/>
  <system-out/>
  <testcase classname="com.ttn.MSGP.testcases.GetEspDataTest" name="getEscData_ValidInput" time="0.120"/>
  <system-out/>
  <testcase classname="com.ttn.MSGP.testcases.GetEspDataTest" name="getEscData_Blank_P_PMC" time="0.031"/>
  <system-out/>
  <testcase classname="com.ttn.MSGP.testcases.GetEspDataTest" name="getEscData_Blank_P_PMC" time="0.030"/>
  <system-out/>
</testsuite> <!-- com.ttn.MSGP.testcases.GetEspDataTest -->
