<?xml version="1.0" encoding="UTF-8"?>
<!-- Generated by org.testng.reporters.JUnitReportReporter -->
<testsuite hostname="TTNPL-AnkitKumarpathak" failures="0" tests="5" name="com.ttn.smrlead.testcases.GetSmrAppointmentCallTest" time="17.155" errors="0" timestamp="2023-01-17T12:28:17 IST" skipped="0">
  <testcase classname="com.ttn.smrlead.testcases.GetSmrAppointmentCallTest" name="getSmrAppointmentCall_InCorrect_DealerID" time="6.325"/>
  <system-out/>
  <testcase classname="com.ttn.smrlead.testcases.GetSmrAppointmentCallTest" name="getSmrAppointmentCall_BlankData" time="2.119"/>
  <system-out/>
  <testcase classname="com.ttn.smrlead.testcases.GetSmrAppointmentCallTest" name="getSmrAppointmentCall_InCorrect_LeadCREID" time="3.627"/>
  <system-out/>
  <testcase classname="com.ttn.smrlead.testcases.GetSmrAppointmentCallTest" name="getSmrAppointmentCall_Correct_Input" time="2.559"/>
  <system-out/>
  <testcase classname="com.ttn.smrlead.testcases.GetSmrAppointmentCallTest" name="getSmrAppointmentCall_InCorrect_DateFormat" time="2.525"/>
  <system-out/>
</testsuite> <!-- com.ttn.smrlead.testcases.GetSmrAppointmentCallTest -->
