<?xml version="1.0" encoding="UTF-8"?>
<!-- Generated by org.testng.reporters.JUnitReportReporter -->
<testsuite hostname="TTNPL-AnkitKumarpathak" failures="0" tests="4" name="com.ttn.marutibookingandappointment.testcases.GetDriverListTest" time="12.113" errors="0" timestamp="2023-01-16T21:58:26 IST" skipped="0">
  <testcase classname="com.ttn.marutibookingandappointment.testcases.GetDriverListTest" name="getDriverList_With_BlankData" time="2.275"/>
  <system-out/>
  <testcase classname="com.ttn.marutibookingandappointment.testcases.GetDriverListTest" name="getDriverList_With_Valid_Data" time="5.728"/>
  <system-out/>
  <testcase classname="com.ttn.marutibookingandappointment.testcases.GetDriverListTest" name="getDriverList_With_Invalid_DealerMapCd" time="2.117"/>
  <system-out/>
  <testcase classname="com.ttn.marutibookingandappointment.testcases.GetDriverListTest" name="getDriverList_With_Invalid_LocCd" time="1.993"/>
  <system-out/>
</testsuite> <!-- com.ttn.marutibookingandappointment.testcases.GetDriverListTest -->
