<?xml version="1.0" encoding="UTF-8"?>
<!-- Generated by org.testng.reporters.JUnitReportReporter -->
<testsuite hostname="TTNPL-AnkitKumarpathak" failures="0" tests="5" name="com.ttn.smrlead.testcases.GetCustomerContactListTest" time="19.066" errors="0" timestamp="2023-01-16T21:58:26 IST" skipped="0">
  <testcase classname="com.ttn.smrlead.testcases.GetCustomerContactListTest" name="getCustomerContactList_With_Valid_Data_ExcelLeadId_Zero" time="7.245"/>
  <system-out/>
  <testcase classname="com.ttn.smrlead.testcases.GetCustomerContactListTest" name="getCustomerContactList_With_BlankData" time="2.369"/>
  <system-out/>
  <testcase classname="com.ttn.smrlead.testcases.GetCustomerContactListTest" name="getCustomerContactList_With_Invalid_ExcelLeadId" time="1.912"/>
  <system-out/>
  <testcase classname="com.ttn.smrlead.testcases.GetCustomerContactListTest" name="getCustomerContactList_With_Invalid_SvocId" time="2.285"/>
  <system-out/>
  <testcase classname="com.ttn.smrlead.testcases.GetCustomerContactListTest" name="getCustomerContactList_With_Valid_Data_ExcelLeadId_One" time="5.255"/>
  <system-out/>
</testsuite> <!-- com.ttn.smrlead.testcases.GetCustomerContactListTest -->
