<?xml version="1.0" encoding="UTF-8"?>
<!-- Generated by org.testng.reporters.JUnitReportReporter -->
<testsuite hostname="TTNPL-AnkitKumarpathak" failures="0" tests="5" name="com.ttn.TestCases.SmrTodaysAppointmentCallsTest" time="4.413" errors="0" timestamp="2023-01-13T17:51:38 IST" skipped="0">
  <testcase classname="com.ttn.TestCases.SmrTodaysAppointmentCallsTest" name="smrTodaysAppointmentCalls_BlankData" time="0.815"/>
  <system-out/>
  <testcase classname="com.ttn.TestCases.SmrTodaysAppointmentCallsTest" name="smrTodaysAppointmentCalls_InCorrect_DealerID" time="0.823"/>
  <system-out/>
  <testcase classname="com.ttn.TestCases.SmrTodaysAppointmentCallsTest" name="smrTodaysAppointmentCalls_InCorrect_LeadCREID" time="1.019"/>
  <system-out/>
  <testcase classname="com.ttn.TestCases.SmrTodaysAppointmentCallsTest" name="smrTodaysAppointmentCalls_Correct_Input" time="1.078"/>
  <system-out/>
  <testcase classname="com.ttn.TestCases.SmrTodaysAppointmentCallsTest" name="smrTodaysAppointmentCalls_InCorrect_DateFormat" time="0.678"/>
  <system-out/>
</testsuite> <!-- com.ttn.TestCases.SmrTodaysAppointmentCallsTest -->
