<?xml version="1.0" encoding="UTF-8"?>
<!-- Generated by org.testng.reporters.JUnitReportReporter -->
<testsuite hostname="TTNPL-DeepanshuTyagi" failures="0" tests="3" name="com.ttn.loyalty.testcases.GetCardTransactionTest" time="2.384" errors="0" timestamp="2023-02-16T09:54:26 IST" skipped="0">
  <testcase classname="com.ttn.loyalty.testcases.GetCardTransactionTest" name="ExistingLoyaltyCard" time="0.869"/>
  <system-out/>
  <testcase classname="com.ttn.loyalty.testcases.GetCardTransactionTest" name="NonExistingLoyaltyCard" time="0.741"/>
  <system-out/>
  <testcase classname="com.ttn.loyalty.testcases.GetCardTransactionTest" name="InvalidLoyaltyCard" time="0.774"/>
  <system-out/>
</testsuite> <!-- com.ttn.loyalty.testcases.GetCardTransactionTest -->
