<?xml version="1.0" encoding="UTF-8"?>
<!-- Generated by org.testng.reporters.JUnitReportReporter -->
<testsuite hostname="TTNPL-AnkitKumarpathak" failures="0" tests="5" name="com.ttn.smrlead.testcases.PendingBookingTest" time="146.483" errors="0" timestamp="2023-01-16T21:58:26 IST" skipped="0">
  <testcase classname="com.ttn.smrlead.testcases.PendingBookingTest" name="PendingBooking_InCorrect_DealerID" time="2.498"/>
  <system-out/>
  <testcase classname="com.ttn.smrlead.testcases.PendingBookingTest" name="PendingBooking_InCorrect_LeadCREID" time="125.219"/>
  <system-out/>
  <testcase classname="com.ttn.smrlead.testcases.PendingBookingTest" name="PendingBooking_BlankData" time="1.926"/>
  <system-out/>
  <testcase classname="com.ttn.smrlead.testcases.PendingBookingTest" name="PendingBooking_Correct_Input" time="14.821"/>
  <system-out/>
  <testcase classname="com.ttn.smrlead.testcases.PendingBookingTest" name="PendingBooking_InCorrect_Date" time="2.019"/>
  <system-out/>
</testsuite> <!-- com.ttn.smrlead.testcases.PendingBookingTest -->
