<?xml version="1.0" encoding="UTF-8"?>
<!-- Generated by org.testng.reporters.JUnitReportReporter -->
<testsuite hostname="TTNPL-AnkitKumarpathak" failures="0" tests="5" name="com.ttn.testcases.GetSmrDueCallsTest" time="12.301" errors="0" timestamp="2023-01-16T19:00:21 IST" skipped="0">
  <testcase classname="com.ttn.testcases.GetSmrDueCallsTest" name="getSmrDueCalls_BlankData" time="2.479"/>
  <system-out/>
  <testcase classname="com.ttn.testcases.GetSmrDueCallsTest" name="getSmrDueCalls_Correct_Input" time="2.848"/>
  <system-out/>
  <testcase classname="com.ttn.testcases.GetSmrDueCallsTest" name="getSmrDueCalls_InCorrect_DateFormat" time="1.888"/>
  <system-out/>
  <testcase classname="com.ttn.testcases.GetSmrDueCallsTest" name="getSmrDueCalls_InCorrect_LeadCREID" time="2.732"/>
  <system-out/>
  <testcase classname="com.ttn.testcases.GetSmrDueCallsTest" name="getSmrDueCalls_InCorrect_DealerID" time="2.354"/>
  <system-out/>
</testsuite> <!-- com.ttn.testcases.GetSmrDueCallsTest -->
