<?xml version="1.0" encoding="UTF-8"?>
<!-- Generated by org.testng.reporters.JUnitReportReporter -->
<testsuite hostname="TTNPL-AnkitKumarpathak" failures="0" tests="3" name="com.ttn.master.testcases.GetSmrPickupPointTest" time="8.453" errors="0" timestamp="2023-01-16T21:58:26 IST" skipped="0">
  <testcase classname="com.ttn.master.testcases.GetSmrPickupPointTest" name="getSmrPickupPoint_With_Valid_Data" time="4.401"/>
  <system-out/>
  <testcase classname="com.ttn.master.testcases.GetSmrPickupPointTest" name="getSmrPickupPoint_With_Invalid_SvocId" time="2.103"/>
  <system-out/>
  <testcase classname="com.ttn.master.testcases.GetSmrPickupPointTest" name="getSmrPickupPoint_With_BlankData" time="1.949"/>
  <system-out/>
</testsuite> <!-- com.ttn.master.testcases.GetSmrPickupPointTest -->
