<?xml version="1.0" encoding="UTF-8"?>
<!-- Generated by org.testng.reporters.JUnitReportReporter -->
<testsuite hostname="TTNPL-DeepanshuTyagi" failures="1" tests="12" name="com.ttn.loyalty.testcases.SaveEnrollmentFormTest" time="10.286" errors="0" timestamp="2023-02-16T09:54:26 IST" skipped="0">
  <testcase classname="com.ttn.loyalty.testcases.SaveEnrollmentFormTest" name="ValidInput" time="1.007">
    <failure message="Enquiry Number not generated expected [true] but found [false]" type="java.lang.AssertionError">
      <![CDATA[java.lang.AssertionError: Enquiry Number not generated expected [true] but found [false]
at org.testng.Assert.fail(Assert.java:97)
at org.testng.Assert.failNotEquals(Assert.java:969)
at org.testng.Assert.assertTrue(Assert.java:43)
at com.ttn.loyalty.testcases.SaveEnrollmentFormTest.ValidInput(SaveEnrollmentFormTest.java:47)
at java.base/jdk.internal.reflect.NativeMethodAccessorImpl.invoke0(Native Method)
at java.base/jdk.internal.reflect.NativeMethodAccessorImpl.invoke(NativeMethodAccessorImpl.java:78)
at java.base/jdk.internal.reflect.DelegatingMethodAccessorImpl.invoke(DelegatingMethodAccessorImpl.java:43)
at java.base/java.lang.reflect.Method.invoke(Method.java:567)
at org.testng.internal.MethodInvocationHelper.invokeMethod(MethodInvocationHelper.java:134)
at org.testng.internal.TestInvoker.invokeMethod(TestInvoker.java:597)
at org.testng.internal.TestInvoker.invokeTestMethod(TestInvoker.java:173)
at org.testng.internal.MethodRunner.runInSequence(MethodRunner.java:46)
at org.testng.internal.TestInvoker$MethodInvocationAgent.invoke(TestInvoker.java:816)
at org.testng.internal.TestInvoker.invokeTestMethods(TestInvoker.java:146)
at org.testng.internal.TestMethodWorker.invokeTestMethods(TestMethodWorker.java:146)
at org.testng.internal.TestMethodWorker.run(TestMethodWorker.java:128)
at java.base/java.util.ArrayList.forEach(ArrayList.java:1511)
at org.testng.TestRunner.privateRun(TestRunner.java:766)
at org.testng.TestRunner.run(TestRunner.java:587)
at org.testng.SuiteRunner.runTest(SuiteRunner.java:384)
at org.testng.SuiteRunner.runSequentially(SuiteRunner.java:378)
at org.testng.SuiteRunner.privateRun(SuiteRunner.java:337)
at org.testng.SuiteRunner.run(SuiteRunner.java:286)
at org.testng.SuiteRunnerWorker.runSuite(SuiteRunnerWorker.java:53)
at org.testng.SuiteRunnerWorker.run(SuiteRunnerWorker.java:96)
at org.testng.TestNG.runSuitesSequentially(TestNG.java:1187)
at org.testng.TestNG.runSuitesLocally(TestNG.java:1109)
at org.testng.TestNG.runSuites(TestNG.java:1039)
at org.testng.TestNG.run(TestNG.java:1007)
at org.testng.remote.AbstractRemoteTestNG.run(AbstractRemoteTestNG.java:115)
at org.testng.remote.RemoteTestNG.initAndRun(RemoteTestNG.java:251)
at org.testng.remote.RemoteTestNG.main(RemoteTestNG.java:77)
]]>
    </failure>
  </testcase> <!-- ValidInput -->
  <system-out/>
  <testcase classname="com.ttn.loyalty.testcases.SaveEnrollmentFormTest" name="BlankReg_mobile" time="0.714"/>
  <system-out/>
  <testcase classname="com.ttn.loyalty.testcases.SaveEnrollmentFormTest" name="InvalidReg_mobile" time="1.290"/>
  <system-out/>
  <testcase classname="com.ttn.loyalty.testcases.SaveEnrollmentFormTest" name="BlankEmail" time="1.075"/>
  <system-out/>
  <testcase classname="com.ttn.loyalty.testcases.SaveEnrollmentFormTest" name="Blank_card_issu_parent" time="0.744"/>
  <system-out/>
  <testcase classname="com.ttn.loyalty.testcases.SaveEnrollmentFormTest" name="Blank_card_issu_dlr_map_cd" time="0.701"/>
  <system-out/>
  <testcase classname="com.ttn.loyalty.testcases.SaveEnrollmentFormTest" name="Blank_card_issu_loc_cd" time="0.862"/>
  <system-out/>
  <testcase classname="com.ttn.loyalty.testcases.SaveEnrollmentFormTest" name="Blank_card_vin" time="0.754"/>
  <system-out/>
  <testcase classname="com.ttn.loyalty.testcases.SaveEnrollmentFormTest" name="Blank_user_id" time="0.697"/>
  <system-out/>
  <testcase classname="com.ttn.loyalty.testcases.SaveEnrollmentFormTest" name="Blank_OS_Type" time="0.887"/>
  <system-out/>
  <testcase classname="com.ttn.loyalty.testcases.SaveEnrollmentFormTest" name="InvalidVIN" time="0.853"/>
  <system-out/>
  <testcase classname="com.ttn.loyalty.testcases.SaveEnrollmentFormTest" name="IncorrectMapping" time="0.702"/>
  <system-out/>
</testsuite> <!-- com.ttn.loyalty.testcases.SaveEnrollmentFormTest -->
