<?xml version="1.0" encoding="UTF-8"?>
<!-- Generated by org.testng.reporters.JUnitReportReporter -->
<testsuite hostname="TTNPL-AnkitKumarpathak" failures="0" tests="1" name="com.ttn.master.testcases.GetSmrCampaignMasterTest" time="3.693" errors="0" timestamp="2023-01-16T21:58:26 IST" skipped="0">
  <testcase classname="com.ttn.master.testcases.GetSmrCampaignMasterTest" name="getSmrCampaignMaster" time="3.693"/>
  <system-out/>
</testsuite> <!-- com.ttn.master.testcases.GetSmrCampaignMasterTest -->
