<?xml version="1.0" encoding="UTF-8"?>
<!-- Generated by org.testng.reporters.JUnitReportReporter -->
<testsuite hostname="TTNPL-AnkitKumarpathak" failures="0" tests="4" name="com.ttn.smrlead.testcases.CheckRefuseAndReportedServiceCustomerPageTest" time="23.130" errors="0" timestamp="2023-01-16T21:58:26 IST" skipped="0">
  <testcase classname="com.ttn.smrlead.testcases.CheckRefuseAndReportedServiceCustomerPageTest" name="checkRefuseAndReportedServiceCustomerPage_With_Valid_Data" time="5.800"/>
  <system-out/>
  <testcase classname="com.ttn.smrlead.testcases.CheckRefuseAndReportedServiceCustomerPageTest" name="checkRefuseAndReportedServiceCustomerPage_With_Invalid_LeadId" time="3.158"/>
  <system-out/>
  <testcase classname="com.ttn.smrlead.testcases.CheckRefuseAndReportedServiceCustomerPageTest" name="checkRefuseAndReportedServiceCustomerPage_With_Invalid_Vin" time="3.766"/>
  <system-out/>
  <testcase classname="com.ttn.smrlead.testcases.CheckRefuseAndReportedServiceCustomerPageTest" name="checkRefuseAndReportedServiceCustomerPage_With_BlankData" time="10.406"/>
  <system-out/>
</testsuite> <!-- com.ttn.smrlead.testcases.CheckRefuseAndReportedServiceCustomerPageTest -->
