<?xml version="1.0" encoding="UTF-8"?>
<!-- Generated by org.testng.reporters.JUnitReportReporter -->
<testsuite hostname="TTNPL-AnkitKumarpathak" failures="0" tests="1" name="com.ttn.TestCases.GetSmrPriorityMasterTest" time="0.726" errors="0" timestamp="2023-01-06T16:16:23 IST" skipped="0">
  <testcase classname="com.ttn.TestCases.GetSmrPriorityMasterTest" name="getSmrPriorityMaster" time="0.726"/>
  <system-out/>
</testsuite> <!-- com.ttn.TestCases.GetSmrPriorityMasterTest -->
