<?xml version="1.0" encoding="UTF-8"?>
<!-- Generated by org.testng.reporters.JUnitReportReporter -->
<testsuite hostname="TTNPL-AnkitKumarpathak" failures="0" tests="7" name="com.ttn.customerdetail.testcases.CostCalculatorTest" time="16.440" errors="0" timestamp="2023-01-16T21:58:26 IST" skipped="0">
  <testcase classname="com.ttn.customerdetail.testcases.CostCalculatorTest" name="CostCalculator_InCorrect_ServiceTupe" time="3.784"/>
  <system-out/>
  <testcase classname="com.ttn.customerdetail.testcases.CostCalculatorTest" name="CostCalculator_Correct_Input" time="2.275"/>
  <system-out/>
  <testcase classname="com.ttn.customerdetail.testcases.CostCalculatorTest" name="CostCalculator_InCorrect_Model" time="1.591"/>
  <system-out/>
  <testcase classname="com.ttn.customerdetail.testcases.CostCalculatorTest" name="CostCalculator_InCorrect_FuelTupe" time="1.889"/>
  <system-out/>
  <testcase classname="com.ttn.customerdetail.testcases.CostCalculatorTest" name="CostCalculator_BlankData" time="1.959"/>
  <system-out/>
  <testcase classname="com.ttn.customerdetail.testcases.CostCalculatorTest" name="CostCalculator_InCorrect_VariantCd" time="2.126"/>
  <system-out/>
  <testcase classname="com.ttn.customerdetail.testcases.CostCalculatorTest" name="CostCalculator_InCorrect_City" time="2.816"/>
  <system-out/>
</testsuite> <!-- com.ttn.customerdetail.testcases.CostCalculatorTest -->
