<?xml version="1.0" encoding="UTF-8"?>
<!-- Generated by org.testng.reporters.JUnitReportReporter -->
<testsuite hostname="TTNPL-DeepanshuTyagi" failures="0" tests="3" name="com.ttn.loyalty.testcases.CheckLoyaltyCustomerTest" time="2.731" errors="0" timestamp="2023-02-16T09:54:26 IST" skipped="0">
  <testcase classname="com.ttn.loyalty.testcases.CheckLoyaltyCustomerTest" name="ExistingCustomer" time="0.923"/>
  <system-out/>
  <testcase classname="com.ttn.loyalty.testcases.CheckLoyaltyCustomerTest" name="NonExistingCustomer" time="0.720"/>
  <system-out/>
  <testcase classname="com.ttn.loyalty.testcases.CheckLoyaltyCustomerTest" name="InvalidInput" time="1.088"/>
  <system-out/>
</testsuite> <!-- com.ttn.loyalty.testcases.CheckLoyaltyCustomerTest -->
