<?xml version="1.0" encoding="UTF-8"?>
<!-- Generated by org.testng.reporters.JUnitReportReporter -->
<testsuite hostname="TTNPL-AnkitKumarpathak" failures="0" tests="5" name="com.ttn.TestCases.SmrBotCallsListTest" time="3.707" errors="0" timestamp="2023-01-05T23:08:20 IST" skipped="0">
  <testcase classname="com.ttn.TestCases.SmrBotCallsListTest" name="smrBotCallsList_InCorrect_DealerID" time="0.786"/>
  <system-out/>
  <testcase classname="com.ttn.TestCases.SmrBotCallsListTest" name="smrBotCallsList_BlankData" time="0.678"/>
  <system-out/>
  <testcase classname="com.ttn.TestCases.SmrBotCallsListTest" name="smrBotCallsList_InCorrect_DateFormat" time="0.429"/>
  <system-out/>
  <testcase classname="com.ttn.TestCases.SmrBotCallsListTest" name="smrBotCallsList_Correct_Input" time="1.004"/>
  <system-out/>
  <testcase classname="com.ttn.TestCases.SmrBotCallsListTest" name="smrBotCallsList_InCorrect_LeadCREID" time="0.810"/>
  <system-out/>
</testsuite> <!-- com.ttn.TestCases.SmrBotCallsListTest -->
