<?xml version="1.0" encoding="UTF-8"?>
<!-- Generated by org.testng.reporters.JUnitReportReporter -->
<testsuite hostname="TTNPL-AnkitKumarpathak" failures="0" tests="5" name="com.ttn.smrlead.testcases.SmrFollowUpCallTest" time="11.776" errors="0" timestamp="2023-01-17T16:09:32 IST" skipped="0">
  <testcase classname="com.ttn.smrlead.testcases.SmrFollowUpCallTest" name="smrFollowUpCall_InCorrect_DealerID" time="2.903"/>
  <system-out/>
  <testcase classname="com.ttn.smrlead.testcases.SmrFollowUpCallTest" name="smrFollowUpCall_BlankData" time="2.050"/>
  <system-out/>
  <testcase classname="com.ttn.smrlead.testcases.SmrFollowUpCallTest" name="smrFollowUpCall_InCorrect_LeadCREID" time="2.325"/>
  <system-out/>
  <testcase classname="com.ttn.smrlead.testcases.SmrFollowUpCallTest" name="smrFollowUpCall_Correct_Input" time="2.659"/>
  <system-out/>
  <testcase classname="com.ttn.smrlead.testcases.SmrFollowUpCallTest" name="smrFollowUpCall_InCorrect_DateFormat" time="1.839"/>
  <system-out/>
</testsuite> <!-- com.ttn.smrlead.testcases.SmrFollowUpCallTest -->
