<?xml version="1.0" encoding="UTF-8"?>
<!-- Generated by org.testng.reporters.JUnitReportReporter -->
<testsuite hostname="TTNPL-AnkitKumarpathak" failures="0" tests="5" name="com.ttn.TestCases.SmrReportedCallsTest" time="4.218" errors="0" timestamp="2023-01-13T11:51:14 IST" skipped="0">
  <testcase classname="com.ttn.TestCases.SmrReportedCallsTest" name="smrReportedCalls_BlankData" time="0.834"/>
  <system-out/>
  <testcase classname="com.ttn.TestCases.SmrReportedCallsTest" name="smrReportedCalls_InCorrect_LeadCREID" time="0.823"/>
  <system-out/>
  <testcase classname="com.ttn.TestCases.SmrReportedCallsTest" name="smrReportedCalls_InCorrect_DateFormat" time="0.564"/>
  <system-out/>
  <testcase classname="com.ttn.TestCases.SmrReportedCallsTest" name="smrReportedCalls_Correct_Input" time="1.089"/>
  <system-out/>
  <testcase classname="com.ttn.TestCases.SmrReportedCallsTest" name="smrReportedCalls_InCorrect_DealerID" time="0.908"/>
  <system-out/>
</testsuite> <!-- com.ttn.TestCases.SmrReportedCallsTest -->
