<?xml version="1.0" encoding="UTF-8"?>
<!-- Generated by org.testng.reporters.JUnitReportReporter -->
<testsuite hostname="TTNPL-DeepanshuTyagi" failures="0" tests="6" name="com.ttn.MSGA.testcases.StateMasterTest" time="0.594" errors="0" timestamp="2023-03-16T14:10:08 IST" skipped="0">
  <testcase classname="com.ttn.MSGA.testcases.StateMasterTest" name="stateMaster_ValidInput" time="0.117"/>
  <system-out/>
  <testcase classname="com.ttn.MSGA.testcases.StateMasterTest" name="stateMaster_Invalid_Date" time="0.099"/>
  <system-out/>
  <testcase classname="com.ttn.MSGA.testcases.StateMasterTest" name="stateMaster_Invalid_P_PMC" time="0.030"/>
  <system-out/>
  <testcase classname="com.ttn.MSGA.testcases.StateMasterTest" name="stateMaster_Invalid_P_PMC" time="0.039"/>
  <system-out/>
  <testcase classname="com.ttn.MSGA.testcases.StateMasterTest" name="stateMaster_Invalid_Date" time="0.100"/>
  <system-out/>
  <testcase classname="com.ttn.MSGA.testcases.StateMasterTest" name="stateMaster_ValidInput" time="0.209"/>
  <system-out/>
</testsuite> <!-- com.ttn.MSGA.testcases.StateMasterTest -->
