<?xml version="1.0" encoding="UTF-8"?>
<!-- Generated by org.testng.reporters.JUnitReportReporter -->
<testsuite hostname="TTNPL-DeepanshuTyagi" failures="0" tests="5" name="com.ttn.loyalty.testcases.GetTierDetailsByIDTest" time="3.766" errors="0" timestamp="2023-02-16T09:54:26 IST" skipped="0">
  <testcase classname="com.ttn.loyalty.testcases.GetTierDetailsByIDTest" name="ValidTier" time="0.769"/>
  <system-out/>
  <testcase classname="com.ttn.loyalty.testcases.GetTierDetailsByIDTest" name="BlankTier" time="0.952"/>
  <system-out/>
  <testcase classname="com.ttn.loyalty.testcases.GetTierDetailsByIDTest" name="InvalidTier" time="0.739"/>
  <system-out/>
  <testcase classname="com.ttn.loyalty.testcases.GetTierDetailsByIDTest" name="Valid_category" time="0.644"/>
  <system-out/>
  <testcase classname="com.ttn.loyalty.testcases.GetTierDetailsByIDTest" name="Invalid_category" time="0.662"/>
  <system-out/>
</testsuite> <!-- com.ttn.loyalty.testcases.GetTierDetailsByIDTest -->
