<?xml version="1.0" encoding="UTF-8"?>
<!-- Generated by org.testng.reporters.JUnitReportReporter -->
<testsuite hostname="TTNPL-AnkitKumarpathak" failures="0" tests="5" name="com.ttn.TestCases.GetRefuseForServiceCallsTest" time="10.053" errors="0" timestamp="2023-01-16T18:09:13 IST" skipped="0">
  <testcase classname="com.ttn.TestCases.GetRefuseForServiceCallsTest" name="getRefuseForServiceCalls_InCorrect_DateFormat" time="1.852"/>
  <system-out/>
  <testcase classname="com.ttn.TestCases.GetRefuseForServiceCallsTest" name="getRefuseForServiceCalls_InCorrect_DealerID" time="2.137"/>
  <system-out/>
  <testcase classname="com.ttn.TestCases.GetRefuseForServiceCallsTest" name="getRefuseForServiceCalls_BlankData" time="2.191"/>
  <system-out/>
  <testcase classname="com.ttn.TestCases.GetRefuseForServiceCallsTest" name="getRefuseForServiceCalls_Correct_Input" time="1.937"/>
  <system-out/>
  <testcase classname="com.ttn.TestCases.GetRefuseForServiceCallsTest" name="getRefuseForServiceCalls_InCorrect_LeadCREID" time="1.936"/>
  <system-out/>
</testsuite> <!-- com.ttn.TestCases.GetRefuseForServiceCallsTest -->
