<?xml version="1.0" encoding="UTF-8"?>
<!-- Generated by org.testng.reporters.JUnitReportReporter -->
<testsuite hostname="TTNPL-AnkitKumarpathak" failures="0" tests="11" name="com.ttn.TestCases.FetchCustomerGlobalDetailsTest" time="20.614" errors="0" timestamp="2023-01-05T21:26:14 IST" skipped="0">
  <testcase classname="com.ttn.TestCases.FetchCustomerGlobalDetailsTest" name="fetchCustomerGlobalDetails_With_BlankData" time="0.765"/>
  <system-out/>
  <testcase classname="com.ttn.TestCases.FetchCustomerGlobalDetailsTest" name="fetchCustomerGlobalDetails_With_Invalid_DealerId" time="2.864"/>
  <system-out/>
  <testcase classname="com.ttn.TestCases.FetchCustomerGlobalDetailsTest" name="fetchCustomerGlobalDetails_With_Invalid_SearchValue" time="2.280"/>
  <system-out/>
  <testcase classname="com.ttn.TestCases.FetchCustomerGlobalDetailsTest" name="fetchCustomerGlobalDetails_With_Valid_Data" time="2.141"/>
  <system-out/>
  <testcase classname="com.ttn.TestCases.FetchCustomerGlobalDetailsTest" name="fetchCustomerGlobalDetails_With_Invalid_SearchBy" time="2.114"/>
  <system-out/>
  <testcase classname="com.ttn.TestCases.FetchCustomerGlobalDetailsTest" name="fetchCustomerGlobalDetails_With_Invalid_SearchBy" time="2.125"/>
  <system-out/>
  <testcase classname="com.ttn.TestCases.FetchCustomerGlobalDetailsTest" name="fetchCustomerGlobalDetails_With_Invalid_SearchValue" time="2.264"/>
  <system-out/>
  <testcase classname="com.ttn.TestCases.FetchCustomerGlobalDetailsTest" name="fetchCustomerGlobalDetails_With_Invalid_DealerParent" time="0.768"/>
  <system-out/>
  <testcase classname="com.ttn.TestCases.FetchCustomerGlobalDetailsTest" name="fetchCustomerGlobalDetails_With_Invalid_DealerParent" time="0.653"/>
  <system-out/>
  <testcase classname="com.ttn.TestCases.FetchCustomerGlobalDetailsTest" name="fetchCustomerGlobalDetails_With_Invalid_DealerId" time="2.499"/>
  <system-out/>
  <testcase classname="com.ttn.TestCases.FetchCustomerGlobalDetailsTest" name="fetchCustomerGlobalDetails_With_Valid_Data" time="2.141"/>
  <system-out/>
</testsuite> <!-- com.ttn.TestCases.FetchCustomerGlobalDetailsTest -->
