<?xml version="1.0" encoding="UTF-8"?>
<!-- Generated by org.testng.reporters.JUnitReportReporter -->
<testsuite hostname="TTNPL-AnkitKumarpathak" failures="0" tests="5" name="com.ttn.smrlead.testcases.SmrBotCallsListTest" time="30.607" errors="0" timestamp="2023-01-16T21:58:26 IST" skipped="0">
  <testcase classname="com.ttn.smrlead.testcases.SmrBotCallsListTest" name="smrBotCallsList_InCorrect_DealerID" time="4.230"/>
  <system-out/>
  <testcase classname="com.ttn.smrlead.testcases.SmrBotCallsListTest" name="smrBotCallsList_InCorrect_LeadCREID" time="9.808"/>
  <system-out/>
  <testcase classname="com.ttn.smrlead.testcases.SmrBotCallsListTest" name="smrBotCallsList_InCorrect_DateFormat" time="7.078"/>
  <system-out/>
  <testcase classname="com.ttn.smrlead.testcases.SmrBotCallsListTest" name="smrBotCallsList_BlankData" time="2.485"/>
  <system-out/>
  <testcase classname="com.ttn.smrlead.testcases.SmrBotCallsListTest" name="smrBotCallsList_Correct_Input" time="7.006"/>
  <system-out/>
</testsuite> <!-- com.ttn.smrlead.testcases.SmrBotCallsListTest -->
