<?xml version="1.0" encoding="UTF-8"?>
<!-- Generated by org.testng.reporters.JUnitReportReporter -->
<testsuite hostname="TTNPL-AnkitKumarpathak" failures="0" tests="3" name="com.ttn.master.testcases.GetSmrDropPointTest" time="11.812" errors="0" timestamp="2023-01-16T21:58:26 IST" skipped="0">
  <testcase classname="com.ttn.master.testcases.GetSmrDropPointTest" name="getSmrDropPoint_With_BlankData" time="3.999"/>
  <system-out/>
  <testcase classname="com.ttn.master.testcases.GetSmrDropPointTest" name="getSmrDropPoint_With_Invalid_SvocId" time="3.451"/>
  <system-out/>
  <testcase classname="com.ttn.master.testcases.GetSmrDropPointTest" name="getSmrDropPoint_With_Valid_Data" time="4.362"/>
  <system-out/>
</testsuite> <!-- com.ttn.master.testcases.GetSmrDropPointTest -->
