<?xml version="1.0" encoding="UTF-8"?>
<!-- Generated by org.testng.reporters.JUnitReportReporter -->
<testsuite hostname="TTNPL-AnkitKumarpathak" failures="0" tests="3" name="com.ttn.master.testcases.GetPreferredWorkshopMasterTest" time="7.567" errors="0" timestamp="2023-01-16T21:58:26 IST" skipped="0">
  <testcase classname="com.ttn.master.testcases.GetPreferredWorkshopMasterTest" name="getPrefferedWorkshopMaster_With_Valid_Data" time="2.561"/>
  <system-out/>
  <testcase classname="com.ttn.master.testcases.GetPreferredWorkshopMasterTest" name="getPrefferedWorkshopMaster_With_BlankData" time="2.170"/>
  <system-out/>
  <testcase classname="com.ttn.master.testcases.GetPreferredWorkshopMasterTest" name="getPrefferedWorkshopMaster_With_Invalid_DealerParent" time="2.836"/>
  <system-out/>
</testsuite> <!-- com.ttn.master.testcases.GetPreferredWorkshopMasterTest -->
