<?xml version="1.0" encoding="UTF-8"?>
<!-- Generated by org.testng.reporters.JUnitReportReporter -->
<testsuite hostname="TTNPL-AnkitKumarpathak" failures="0" tests="5" name="com.ttn.smrlead.testcases.SmrFreshCallsTest" time="13.166" errors="0" timestamp="2023-01-16T21:58:26 IST" skipped="0">
  <testcase classname="com.ttn.smrlead.testcases.SmrFreshCallsTest" name="smrFreshCalls_InCorrect_LeadCREID" time="3.388"/>
  <system-out/>
  <testcase classname="com.ttn.smrlead.testcases.SmrFreshCallsTest" name="smrFreshCalls_InCorrect_DateFormat" time="1.310"/>
  <system-out/>
  <testcase classname="com.ttn.smrlead.testcases.SmrFreshCallsTest" name="smrFreshCalls_Correct_Input" time="2.009"/>
  <system-out/>
  <testcase classname="com.ttn.smrlead.testcases.SmrFreshCallsTest" name="smrFreshCalls_InCorrect_DealerID" time="1.928"/>
  <system-out/>
  <testcase classname="com.ttn.smrlead.testcases.SmrFreshCallsTest" name="smrFreshCalls_BlankData" time="4.531"/>
  <system-out/>
</testsuite> <!-- com.ttn.smrlead.testcases.SmrFreshCallsTest -->
