<?xml version="1.0" encoding="UTF-8"?>
<!-- Generated by org.testng.reporters.JUnitReportReporter -->
<testsuite hostname="TTNPL-AnkitKumarpathak" failures="0" tests="4" name="com.ttn.smrlead.testcases.PendingCallsTest" time="66.120" errors="0" timestamp="2023-01-16T21:58:26 IST" skipped="0">
  <testcase classname="com.ttn.smrlead.testcases.PendingCallsTest" name="pendingCalls_InCorrect_Date" time="1.938"/>
  <system-out/>
  <testcase classname="com.ttn.smrlead.testcases.PendingCallsTest" name="pendingCalls_BlankData" time="1.991"/>
  <system-out/>
  <testcase classname="com.ttn.smrlead.testcases.PendingCallsTest" name="pendingCalls_Correct_Input" time="60.033"/>
  <system-out/>
  <testcase classname="com.ttn.smrlead.testcases.PendingCallsTest" name="pendingCalls_InCorrect_Dealer_LeadID" time="2.158"/>
  <system-out/>
</testsuite> <!-- com.ttn.smrlead.testcases.PendingCallsTest -->
