<?xml version="1.0" encoding="UTF-8"?>
<!-- Generated by org.testng.reporters.JUnitReportReporter -->
<testsuite hostname="TTNPL-DeepanshuTyagi" failures="0" tests="1" name="com.ttn.vehicledetails.testcases.CheckMarutiOwnerTest" time="21.696" errors="0" timestamp="2023-01-19T15:32:52 IST" skipped="0">
  <testcase classname="com.ttn.vehicledetails.testcases.CheckMarutiOwnerTest" name="VehicleDetails_Correct_Input" time="21.696"/>
  <system-out/>
</testsuite> <!-- com.ttn.vehicledetails.testcases.CheckMarutiOwnerTest -->
