<?xml version="1.0" encoding="UTF-8"?>
<!-- Generated by org.testng.reporters.JUnitReportReporter -->
<testsuite hostname="TTNPL-AnkitKumarpathak" failures="0" tests="3" name="com.ttn.vehicledetails.testcases.VehicleDetailsTest" time="10.712" errors="0" timestamp="2023-01-16T21:58:26 IST" skipped="0">
  <testcase classname="com.ttn.vehicledetails.testcases.VehicleDetailsTest" name="VehicleDetails_InCorrect_Vin" time="1.381"/>
  <system-out/>
  <testcase classname="com.ttn.vehicledetails.testcases.VehicleDetailsTest" name="VehicleDetails_BlankData" time="2.002"/>
  <system-out/>
  <testcase classname="com.ttn.vehicledetails.testcases.VehicleDetailsTest" name="VehicleDetails_Correct_Input" time="7.329"/>
  <system-out/>
</testsuite> <!-- com.ttn.vehicledetails.testcases.VehicleDetailsTest -->
