<?xml version="1.0" encoding="UTF-8"?>
<!-- Generated by org.testng.reporters.JUnitReportReporter -->
<testsuite hostname="TTNPL-AnkitKumarpathak" failures="0" tests="3" name="com.ttn.TestCases.GetNonMarutiServiceWorkshopMasterTest" time="1.669" errors="0" timestamp="2023-01-05T22:23:09 IST" skipped="0">
  <testcase classname="com.ttn.TestCases.GetNonMarutiServiceWorkshopMasterTest" name="getNonMarutiServiceWorkshopMaster_With_Valid_Data" time="0.471"/>
  <system-out/>
  <testcase classname="com.ttn.TestCases.GetNonMarutiServiceWorkshopMasterTest" name="getNonMarutiServiceWorkshopMaster_With_BlankData" time="0.577"/>
  <system-out/>
  <testcase classname="com.ttn.TestCases.GetNonMarutiServiceWorkshopMasterTest" name="getNonMarutiServiceWorkshopMaster_With_Invalid_LeadId" time="0.621"/>
  <system-out/>
</testsuite> <!-- com.ttn.TestCases.GetNonMarutiServiceWorkshopMasterTest -->
