<?xml version="1.0" encoding="UTF-8"?>
<!-- Generated by org.testng.reporters.JUnitReportReporter -->
<testsuite hostname="TTNPL-AnkitKumarpathak" failures="0" tests="1" name="com.ttn.TestCases.ABCTest" time="0.014" errors="0" timestamp="2023-01-09T19:04:46 IST" skipped="0">
  <testcase classname="com.ttn.TestCases.ABCTest" name="aBC_Input" time="0.014"/>
  <system-out/>
</testsuite> <!-- com.ttn.TestCases.ABCTest -->
