<?xml version="1.0" encoding="UTF-8"?>
<!-- Generated by org.testng.reporters.JUnitReportReporter -->
<testsuite hostname="TTNPL-DeepanshuTyagi" failures="0" tests="1" name="com.ttn.MSGA.testcases.CheckMarutiOwnerTest" time="0.953" errors="0" timestamp="2023-02-16T10:29:20 IST" skipped="0">
  <testcase classname="com.ttn.MSGA.testcases.CheckMarutiOwnerTest" name="ExistingCustomer" time="0.953"/>
  <system-out/>
</testsuite> <!-- com.ttn.MSGA.testcases.CheckMarutiOwnerTest -->
