<?xml version="1.0" encoding="UTF-8"?>
<!-- Generated by org.testng.reporters.JUnitReportReporter -->
<testsuite hostname="TTNPL-AnkitKumarpathak" failures="0" tests="7" name="com.ttn.TestCases.CostCalculatorTest" time="5.779" errors="0" timestamp="2023-01-05T20:43:21 IST" skipped="0">
  <testcase classname="com.ttn.TestCases.CostCalculatorTest" name="CostCalculator_InCorrect_ServiceTupe" time="0.800"/>
  <system-out/>
  <testcase classname="com.ttn.TestCases.CostCalculatorTest" name="CostCalculator_InCorrect_VariantCd" time="0.711"/>
  <system-out/>
  <testcase classname="com.ttn.TestCases.CostCalculatorTest" name="CostCalculator_InCorrect_Model" time="0.812"/>
  <system-out/>
  <testcase classname="com.ttn.TestCases.CostCalculatorTest" name="CostCalculator_Correct_Input" time="0.809"/>
  <system-out/>
  <testcase classname="com.ttn.TestCases.CostCalculatorTest" name="CostCalculator_InCorrect_City" time="1.381"/>
  <system-out/>
  <testcase classname="com.ttn.TestCases.CostCalculatorTest" name="CostCalculator_BlankData" time="0.717"/>
  <system-out/>
  <testcase classname="com.ttn.TestCases.CostCalculatorTest" name="CostCalculator_InCorrect_FuelTupe" time="0.549"/>
  <system-out/>
</testsuite> <!-- com.ttn.TestCases.CostCalculatorTest -->
