<?xml version="1.0" encoding="UTF-8"?>
<!-- Generated by org.testng.reporters.JUnitReportReporter -->
<testsuite hostname="TTNPL-DeepanshuTyagi" failures="0" tests="5" name="com.ttn.MSGA.testcases.GetAccEnquiryTest" time="2.740" errors="0" timestamp="2023-03-16T14:10:08 IST" skipped="0">
  <testcase classname="com.ttn.MSGA.testcases.GetAccEnquiryTest" name="getAccEnquiry_ValidInput" time="0.122"/>
  <system-out/>
  <testcase classname="com.ttn.MSGA.testcases.GetAccEnquiryTest" name="getAccEnquiry_InvalidInput" time="0.140"/>
  <system-out/>
  <testcase classname="com.ttn.MSGA.testcases.GetAccEnquiryTest" name="getAccEnquiry_ValidInput" time="0.909"/>
  <system-out/>
  <testcase classname="com.ttn.MSGA.testcases.GetAccEnquiryTest" name="getAccEnquiry_ValidInput" time="0.198"/>
  <system-out/>
  <testcase classname="com.ttn.MSGA.testcases.GetAccEnquiryTest" name="getAccEnquiry_ValidInput" time="1.371"/>
  <system-out/>
</testsuite> <!-- com.ttn.MSGA.testcases.GetAccEnquiryTest -->
