<?xml version="1.0" encoding="UTF-8"?>
<!-- Generated by org.testng.reporters.JUnitReportReporter -->
<testsuite hostname="TTNPL-DeepanshuTyagi" failures="0" tests="4" name="com.ttn.MSGA.testcases.CityMasterTest" time="2.263" errors="0" timestamp="2023-03-16T14:10:08 IST" skipped="0">
  <testcase classname="com.ttn.MSGA.testcases.CityMasterTest" name="cityMaster_ValidInput" time="0.917"/>
  <system-out/>
  <testcase classname="com.ttn.MSGA.testcases.CityMasterTest" name="cityMaster_ValidStateCode" time="0.239"/>
  <system-out/>
  <testcase classname="com.ttn.MSGA.testcases.CityMasterTest" name="cityMaster_InvalidDate" time="0.986"/>
  <system-out/>
  <testcase classname="com.ttn.MSGA.testcases.CityMasterTest" name="cityMaster_InvalidStatecode" time="0.121"/>
  <system-out/>
</testsuite> <!-- com.ttn.MSGA.testcases.CityMasterTest -->
