<?xml version="1.0" encoding="UTF-8"?>
<!-- Generated by org.testng.reporters.JUnitReportReporter -->
<testsuite hostname="TTNPL-AnkitKumarpathak" failures="0" tests="3" name="com.ttn.master.testcases.GetSmrServicePointTest" time="26.055" errors="0" timestamp="2023-01-16T21:58:26 IST" skipped="0">
  <testcase classname="com.ttn.master.testcases.GetSmrServicePointTest" name="getSmrServicePoint_With_Valid_Data" time="16.043"/>
  <system-out/>
  <testcase classname="com.ttn.master.testcases.GetSmrServicePointTest" name="getSmrServicePoint_With_Invalid_SvocId" time="5.425"/>
  <system-out/>
  <testcase classname="com.ttn.master.testcases.GetSmrServicePointTest" name="getSmrServicePoint_With_BlankData" time="4.587"/>
  <system-out/>
</testsuite> <!-- com.ttn.master.testcases.GetSmrServicePointTest -->
