<?xml version="1.0" encoding="UTF-8"?>
<!-- Generated by org.testng.reporters.JUnitReportReporter -->
<testsuite hostname="TTNPL-AnkitKumarpathak" failures="0" tests="1" name="com.ttn.TestCases.AppointmentCancellationTest" time="2.419" errors="0" timestamp="2023-01-16T17:01:54 IST" skipped="0">
  <testcase classname="com.ttn.TestCases.AppointmentCancellationTest" name="appointmentCancellationTest" time="2.419"/>
  <system-out/>
</testsuite> <!-- com.ttn.TestCases.AppointmentCancellationTest -->
