<?xml version="1.0" encoding="UTF-8"?>
<!-- Generated by org.testng.reporters.JUnitReportReporter -->
<testsuite hostname="TTNPL-AnkitKumarpathak" failures="0" tests="5" name="com.ttn.TestCases.PendingBookingTest" time="10.589" errors="0" timestamp="2023-01-05T20:53:10 IST" skipped="0">
  <testcase classname="com.ttn.TestCases.PendingBookingTest" name="PendingBooking_BlankData" time="0.749"/>
  <system-out/>
  <testcase classname="com.ttn.TestCases.PendingBookingTest" name="PendingBooking_Correct_Input" time="1.711"/>
  <system-out/>
  <testcase classname="com.ttn.TestCases.PendingBookingTest" name="PendingBooking_InCorrect_Date" time="0.489"/>
  <system-out/>
  <testcase classname="com.ttn.TestCases.PendingBookingTest" name="PendingBooking_InCorrect_DealerID" time="0.802"/>
  <system-out/>
  <testcase classname="com.ttn.TestCases.PendingBookingTest" name="PendingBooking_InCorrect_LeadCREID" time="6.838"/>
  <system-out/>
</testsuite> <!-- com.ttn.TestCases.PendingBookingTest -->
