<?xml version="1.0" encoding="UTF-8"?>
<!-- Generated by org.testng.reporters.JUnitReportReporter -->
<testsuite hostname="TTNPL-AnkitKumarpathak" failures="0" tests="5" name="com.ttn.smrlead.testcases.QuickWinsTest" time="15.013" errors="0" timestamp="2023-01-16T21:58:26 IST" skipped="0">
  <testcase classname="com.ttn.smrlead.testcases.QuickWinsTest" name="QuickWins_BlankData" time="2.799"/>
  <system-out/>
  <testcase classname="com.ttn.smrlead.testcases.QuickWinsTest" name="QuickWins_Correct_Input" time="3.563"/>
  <system-out/>
  <testcase classname="com.ttn.smrlead.testcases.QuickWinsTest" name="QuickWins_InCorrect_DealerID" time="2.256"/>
  <system-out/>
  <testcase classname="com.ttn.smrlead.testcases.QuickWinsTest" name="QuickWins_InCorrect_DateFormat" time="3.289"/>
  <system-out/>
  <testcase classname="com.ttn.smrlead.testcases.QuickWinsTest" name="QuickWins_InCorrect_LeadCREID" time="3.106"/>
  <system-out/>
</testsuite> <!-- com.ttn.smrlead.testcases.QuickWinsTest -->
