<?xml version="1.0" encoding="UTF-8"?>
<!-- Generated by org.testng.reporters.JUnitReportReporter -->
<testsuite hostname="TTNPL-AnkitKumarpathak" failures="0" tests="5" name="com.ttn.smrlead.testcases.GetSmrDueCallsTest" time="46.542" errors="0" timestamp="2023-01-16T21:58:26 IST" skipped="0">
  <testcase classname="com.ttn.smrlead.testcases.GetSmrDueCallsTest" name="getSmrDueCalls_Correct_Input" time="9.186"/>
  <system-out/>
  <testcase classname="com.ttn.smrlead.testcases.GetSmrDueCallsTest" name="getSmrDueCalls_BlankData" time="5.032"/>
  <system-out/>
  <testcase classname="com.ttn.smrlead.testcases.GetSmrDueCallsTest" name="getSmrDueCalls_InCorrect_LeadCREID" time="5.327"/>
  <system-out/>
  <testcase classname="com.ttn.smrlead.testcases.GetSmrDueCallsTest" name="getSmrDueCalls_InCorrect_DealerID" time="6.951"/>
  <system-out/>
  <testcase classname="com.ttn.smrlead.testcases.GetSmrDueCallsTest" name="getSmrDueCalls_InCorrect_DateFormat" time="20.046"/>
  <system-out/>
</testsuite> <!-- com.ttn.smrlead.testcases.GetSmrDueCallsTest -->
