<?xml version="1.0" encoding="UTF-8"?>
<!-- Generated by org.testng.reporters.JUnitReportReporter -->
<testsuite hostname="TTNPL-DeepanshuTyagi" failures="0" tests="4" name="com.ttn.MSGA.testcases.GET_ESC_DATA_ACCTest" time="0.704" errors="0" timestamp="2023-03-01T09:18:28 IST" skipped="0">
  <testcase classname="com.ttn.MSGA.testcases.GET_ESC_DATA_ACCTest" name="ValidInput" time="0.287"/>
  <system-out/>
  <testcase classname="com.ttn.MSGA.testcases.GET_ESC_DATA_ACCTest" name="Blank_PMC" time="0.060"/>
  <system-out/>
  <testcase classname="com.ttn.MSGA.testcases.GET_ESC_DATA_ACCTest" name="Invalid_PMC" time="0.033"/>
  <system-out/>
  <testcase classname="com.ttn.MSGA.testcases.GET_ESC_DATA_ACCTest" name="Blank_P_LOC_CD" time="0.324"/>
  <system-out/>
</testsuite> <!-- com.ttn.MSGA.testcases.GET_ESC_DATA_ACCTest -->
