<?xml version="1.0" encoding="UTF-8"?>
<!-- Generated by org.testng.reporters.JUnitReportReporter -->
<testsuite hostname="TTNPL-DeepanshuTyagi" failures="0" tests="16" name="com.ttn.MSGA.testcases.Insert_ACC_ORDTest" time="2.904" errors="0" timestamp="2023-03-01T09:18:28 IST" skipped="0">
  <testcase classname="com.ttn.MSGA.testcases.Insert_ACC_ORDTest" name="Blank_P_AMT_PAID" time="0.033"/>
  <system-out/>
  <testcase classname="com.ttn.MSGA.testcases.Insert_ACC_ORDTest" name="BlankP_P_PHONE" time="0.196"/>
  <system-out/>
  <testcase classname="com.ttn.MSGA.testcases.Insert_ACC_ORDTest" name="Blank_P_ORDER_DATE" time="0.241"/>
  <system-out/>
  <testcase classname="com.ttn.MSGA.testcases.Insert_ACC_ORDTest" name="Invalid_P_DEALER_MAP_CD" time="0.242"/>
  <system-out/>
  <testcase classname="com.ttn.MSGA.testcases.Insert_ACC_ORDTest" name="Invalid_P_ORDER_DATE" time="0.257"/>
  <system-out/>
  <testcase classname="com.ttn.MSGA.testcases.Insert_ACC_ORDTest" name="Blank_P_CUST_FNAME" time="0.260"/>
  <system-out/>
  <testcase classname="com.ttn.MSGA.testcases.Insert_ACC_ORDTest" name="Blank_P_DEALER_MAP_CD" time="0.254"/>
  <system-out/>
  <testcase classname="com.ttn.MSGA.testcases.Insert_ACC_ORDTest" name="Blank_P_APPOINT_TIME" time="0.055"/>
  <system-out/>
  <testcase classname="com.ttn.MSGA.testcases.Insert_ACC_ORDTest" name="Blank_P_SOURCE" time="0.227"/>
  <system-out/>
  <testcase classname="com.ttn.MSGA.testcases.Insert_ACC_ORDTest" name="Blank_P_LOC_CD" time="0.208"/>
  <system-out/>
  <testcase classname="com.ttn.MSGA.testcases.Insert_ACC_ORDTest" name="Blank_P_PARENT_GROUP" time="0.255"/>
  <system-out/>
  <testcase classname="com.ttn.MSGA.testcases.Insert_ACC_ORDTest" name="Invalid_P_AMT_PAID" time="0.046"/>
  <system-out/>
  <testcase classname="com.ttn.MSGA.testcases.Insert_ACC_ORDTest" name="Invalid_P_LOC_CD" time="0.240"/>
  <system-out/>
  <testcase classname="com.ttn.MSGA.testcases.Insert_ACC_ORDTest" name="Invalid_P_PARENT_GROUP" time="0.260"/>
  <system-out/>
  <testcase classname="com.ttn.MSGA.testcases.Insert_ACC_ORDTest" name="Blank_P_TOTAL_AMT" time="0.066"/>
  <system-out/>
  <testcase classname="com.ttn.MSGA.testcases.Insert_ACC_ORDTest" name="Invalid_P_TOTAL_AMT" time="0.064"/>
  <system-out/>
</testsuite> <!-- com.ttn.MSGA.testcases.Insert_ACC_ORDTest -->
