<?xml version="1.0" encoding="UTF-8"?>
<!-- Generated by org.testng.reporters.JUnitReportReporter -->
<testsuite hostname="TTNPL-DeepanshuTyagi" failures="0" tests="3" name="com.ttn.loyalty.testcases.CheckMSILCustomerTest" time="2.511" errors="0" timestamp="2023-02-16T09:54:26 IST" skipped="0">
  <testcase classname="com.ttn.loyalty.testcases.CheckMSILCustomerTest" name="ExistingCustomer" time="0.884"/>
  <system-out/>
  <testcase classname="com.ttn.loyalty.testcases.CheckMSILCustomerTest" name="NonExistingCustomer" time="0.789"/>
  <system-out/>
  <testcase classname="com.ttn.loyalty.testcases.CheckMSILCustomerTest" name="BlankInput" time="0.838"/>
  <system-out/>
</testsuite> <!-- com.ttn.loyalty.testcases.CheckMSILCustomerTest -->
