<?xml version="1.0" encoding="UTF-8"?>
<!-- Generated by org.testng.reporters.JUnitReportReporter -->
<testsuite hostname="TTNPL-DeepanshuTyagi" failures="0" tests="3" name="com.ttn.loyalty.testcases.CheckMarutiOwnerTest" time="22.207" errors="0" timestamp="2023-02-16T09:54:26 IST" skipped="0">
  <testcase classname="com.ttn.loyalty.testcases.CheckMarutiOwnerTest" name="ExistingCustomer" time="20.046"/>
  <system-out/>
  <testcase classname="com.ttn.loyalty.testcases.CheckMarutiOwnerTest" name="NonExistingCustomer" time="1.102"/>
  <system-out/>
  <testcase classname="com.ttn.loyalty.testcases.CheckMarutiOwnerTest" name="Invalid_MobileNumber" time="1.059"/>
  <system-out/>
</testsuite> <!-- com.ttn.loyalty.testcases.CheckMarutiOwnerTest -->
