<?xml version="1.0" encoding="UTF-8"?>
<!-- Generated by org.testng.reporters.JUnitReportReporter -->
<testsuite hostname="TTNPL-AnkitKumarpathak" failures="0" tests="4" name="com.ttn.smrlead.testcases.TotalCallsTest" time="53.858" errors="0" timestamp="2023-01-16T21:58:26 IST" skipped="0">
  <testcase classname="com.ttn.smrlead.testcases.TotalCallsTest" name="totalCalls_InCorrect_Date" time="1.973"/>
  <system-out/>
  <testcase classname="com.ttn.smrlead.testcases.TotalCallsTest" name="totalCalls_Correct_Input" time="48.009"/>
  <system-out/>
  <testcase classname="com.ttn.smrlead.testcases.TotalCallsTest" name="totalCalls_BlankData" time="2.240"/>
  <system-out/>
  <testcase classname="com.ttn.smrlead.testcases.TotalCallsTest" name="totalCalls_InCorrect_Dealer_LeadID" time="1.636"/>
  <system-out/>
</testsuite> <!-- com.ttn.smrlead.testcases.TotalCallsTest -->
