<?xml version="1.0" encoding="UTF-8"?>
<!-- Generated by org.testng.reporters.JUnitReportReporter -->
<testsuite hostname="TTNPL-AnkitKumarpathak" failures="0" tests="5" name="com.ttn.smrlead.testcases.SmrFollowUpCallsTest" time="42.973" errors="0" timestamp="2023-01-16T21:58:26 IST" skipped="0">
  <testcase classname="com.ttn.smrlead.testcases.SmrFollowUpCallsTest" name="smrFollowUpCalls_BlankData" time="5.153"/>
  <system-out/>
  <testcase classname="com.ttn.smrlead.testcases.SmrFollowUpCallsTest" name="smrFollowUpCalls_InCorrect_DateFormat" time="2.649"/>
  <system-out/>
  <testcase classname="com.ttn.smrlead.testcases.SmrFollowUpCallsTest" name="smrFollowUpCalls_Correct_Input" time="30.046"/>
  <system-out/>
  <testcase classname="com.ttn.smrlead.testcases.SmrFollowUpCallsTest" name="smrFollowUpCalls_InCorrect_LeadCREID" time="2.629"/>
  <system-out/>
  <testcase classname="com.ttn.smrlead.testcases.SmrFollowUpCallsTest" name="smrFollowUpCalls_InCorrect_DealerID" time="2.496"/>
  <system-out/>
</testsuite> <!-- com.ttn.smrlead.testcases.SmrFollowUpCallsTest -->
