<?xml version="1.0" encoding="UTF-8"?>
<!-- Generated by org.testng.reporters.JUnitReportReporter -->
<testsuite hostname="TTNPL-DeepanshuTyagi" failures="0" tests="3" name="com.ttn.MSGA.testcases.GetPartMasterTest" time="12.183" errors="0" timestamp="2023-03-16T14:10:08 IST" skipped="0">
  <testcase classname="com.ttn.MSGA.testcases.GetPartMasterTest" name="getPartMaster_Invalid_DateFormat" time="0.045"/>
  <system-out/>
  <testcase classname="com.ttn.MSGA.testcases.GetPartMasterTest" name="getPartMaster_FutureDate" time="5.908"/>
  <system-out/>
  <testcase classname="com.ttn.MSGA.testcases.GetPartMasterTest" name="getPartMaster_ValidInput" time="6.230"/>
  <system-out/>
</testsuite> <!-- com.ttn.MSGA.testcases.GetPartMasterTest -->
