<?xml version="1.0" encoding="UTF-8"?>
<!-- Generated by org.testng.reporters.JUnitReportReporter -->
<testsuite hostname="TTNPL-AnkitKumarpathak" failures="0" tests="1" name="com.ttn.master.testcases.GetStateMasterTest" time="4.410" errors="0" timestamp="2023-01-17T15:35:40 IST" skipped="0">
  <testcase classname="com.ttn.master.testcases.GetStateMasterTest" name="getStateMaster" time="4.410"/>
  <system-out/>
</testsuite> <!-- com.ttn.master.testcases.GetStateMasterTest -->
