<?xml version="1.0" encoding="UTF-8"?>
<!-- Generated by org.testng.reporters.JUnitReportReporter -->
<testsuite hostname="TTNPL-AnkitKumarpathak" failures="0" tests="3" name="com.ttn.vehicledetails.testcases.VehicleHistoryTest" time="13.322" errors="0" timestamp="2023-01-16T21:58:26 IST" skipped="0">
  <testcase classname="com.ttn.vehicledetails.testcases.VehicleHistoryTest" name="VehicleHistory_InCorrect_Vin" time="2.603"/>
  <system-out/>
  <testcase classname="com.ttn.vehicledetails.testcases.VehicleHistoryTest" name="VehicleHistory_Correct_Input" time="8.715"/>
  <system-out/>
  <testcase classname="com.ttn.vehicledetails.testcases.VehicleHistoryTest" name="VehicleHistory_BlankData" time="2.004"/>
  <system-out/>
</testsuite> <!-- com.ttn.vehicledetails.testcases.VehicleHistoryTest -->
