<?xml version="1.0" encoding="UTF-8"?>
<!-- Generated by org.testng.reporters.JUnitReportReporter -->
<testsuite hostname="TTNPL-AnkitKumarpathak" failures="0" tests="4" name="com.ttn.customerdetail.testcases.CustomerDetailsTest" time="18.906" errors="0" timestamp="2023-01-16T21:58:26 IST" skipped="0">
  <testcase classname="com.ttn.customerdetail.testcases.CustomerDetailsTest" name="CustomerDetails_BlankData" time="1.823"/>
  <system-out/>
  <testcase classname="com.ttn.customerdetail.testcases.CustomerDetailsTest" name="CustomerDetails_Correct_Input_WithCustomerOne" time="7.847"/>
  <system-out/>
  <testcase classname="com.ttn.customerdetail.testcases.CustomerDetailsTest" name="CustomerDetails_InCorrect_SvocId" time="1.244"/>
  <system-out/>
  <testcase classname="com.ttn.customerdetail.testcases.CustomerDetailsTest" name="CustomerDetails_Correct_Input_WithCustomerZero" time="7.992"/>
  <system-out/>
</testsuite> <!-- com.ttn.customerdetail.testcases.CustomerDetailsTest -->
