<?xml version="1.0" encoding="UTF-8"?>
<!-- Generated by org.testng.reporters.JUnitReportReporter -->
<testsuite hostname="TTNPL-DeepanshuTyagi" failures="0" tests="15" name="com.ttn.MSGP.testcases.GenPartSrvEnqTest" time="1.923" errors="0" timestamp="2023-03-16T14:10:08 IST" skipped="0">
  <testcase classname="com.ttn.MSGP.testcases.GenPartSrvEnqTest" name="GenPartSrvEnq_Invalid_PartNumber" time="0.347"/>
  <system-out/>
  <testcase classname="com.ttn.MSGP.testcases.GenPartSrvEnqTest" name="GenPartSrvEnq_ValidInput" time="0.130"/>
  <system-out/>
  <testcase classname="com.ttn.MSGP.testcases.GenPartSrvEnqTest" name="GenPartSrvEnq_Blank_P_LOC_CD" time="0.100"/>
  <system-out/>
  <testcase classname="com.ttn.MSGP.testcases.GenPartSrvEnqTest" name="GenPartSrvEnq_Blank_P_REG_NUM" time="0.081"/>
  <system-out/>
  <testcase classname="com.ttn.MSGP.testcases.GenPartSrvEnqTest" name="GenPartSrvEnq_ValidInput" time="0.263"/>
  <system-out/>
  <testcase classname="com.ttn.MSGP.testcases.GenPartSrvEnqTest" name="GenPartSrvEnq_invalid_P_REG_NUM" time="0.105"/>
  <system-out/>
  <testcase classname="com.ttn.MSGP.testcases.GenPartSrvEnqTest" name="GenPartSrvEnq_Invalid_P_DEALER_MAP_CD" time="0.099"/>
  <system-out/>
  <testcase classname="com.ttn.MSGP.testcases.GenPartSrvEnqTest" name="GenPartSrvEnq_Blank_PartNumber" time="0.088"/>
  <system-out/>
  <testcase classname="com.ttn.MSGP.testcases.GenPartSrvEnqTest" name="GenPartSrvEnq_Blank_P_PARENT_GROUP" time="0.107"/>
  <system-out/>
  <testcase classname="com.ttn.MSGP.testcases.GenPartSrvEnqTest" name="GenPartSrvEnq_Invalid_P_PARENT_GROUP" time="0.089"/>
  <system-out/>
  <testcase classname="com.ttn.MSGP.testcases.GenPartSrvEnqTest" name="GenPartSrvEnq_ValidInput" time="0.175"/>
  <system-out/>
  <testcase classname="com.ttn.MSGP.testcases.GenPartSrvEnqTest" name="GenPartSrvEnq_Blank_P_DEALER_MAP_CD" time="0.031"/>
  <system-out/>
  <testcase classname="com.ttn.MSGP.testcases.GenPartSrvEnqTest" name="GenPartSrvEnq_Invalid_P_LOC_CD" time="0.112"/>
  <system-out/>
  <testcase classname="com.ttn.MSGP.testcases.GenPartSrvEnqTest" name="GenPartSrvEnq_ValidInput" time="0.102"/>
  <system-out/>
  <testcase classname="com.ttn.MSGP.testcases.GenPartSrvEnqTest" name="GenPartSrvEnq_Blank_P_PHONE" time="0.094"/>
  <system-out/>
</testsuite> <!-- com.ttn.MSGP.testcases.GenPartSrvEnqTest -->
