<?xml version="1.0" encoding="UTF-8"?>
<!-- Generated by org.testng.reporters.JUnitReportReporter -->
<testsuite hostname="TTNPL-DeepanshuTyagi" failures="0" tests="13" name="com.ttn.loyalty.testcases.GenerateEnqiryTest" time="10.510" errors="0" timestamp="2023-02-16T09:54:26 IST" skipped="0">
  <testcase classname="com.ttn.loyalty.testcases.GenerateEnqiryTest" name="ValidInput" time="0.975"/>
  <system-out/>
  <testcase classname="com.ttn.loyalty.testcases.GenerateEnqiryTest" name="Blank_mul_dlr_cd" time="0.711"/>
  <system-out/>
  <testcase classname="com.ttn.loyalty.testcases.GenerateEnqiryTest" name="Invalid_mul_dlr_cd" time="0.864"/>
  <system-out/>
  <testcase classname="com.ttn.loyalty.testcases.GenerateEnqiryTest" name="Blank_for_cd" time="0.613"/>
  <system-out/>
  <testcase classname="com.ttn.loyalty.testcases.GenerateEnqiryTest" name="Invalid_for_cd" time="0.701"/>
  <system-out/>
  <testcase classname="com.ttn.loyalty.testcases.GenerateEnqiryTest" name="Invalid_buyer_type" time="0.819"/>
  <system-out/>
  <testcase classname="com.ttn.loyalty.testcases.GenerateEnqiryTest" name="Blank_ref_type" time="0.802"/>
  <system-out/>
  <testcase classname="com.ttn.loyalty.testcases.GenerateEnqiryTest" name="Invalid_ref_type" time="0.836"/>
  <system-out/>
  <testcase classname="com.ttn.loyalty.testcases.GenerateEnqiryTest" name="Blank_model_cd" time="0.872"/>
  <system-out/>
  <testcase classname="com.ttn.loyalty.testcases.GenerateEnqiryTest" name="Invalid_model_cd" time="0.914"/>
  <system-out/>
  <testcase classname="com.ttn.loyalty.testcases.GenerateEnqiryTest" name="Blank_variant_cd" time="0.800"/>
  <system-out/>
  <testcase classname="com.ttn.loyalty.testcases.GenerateEnqiryTest" name="Blank_color_cd" time="0.774"/>
  <system-out/>
  <testcase classname="com.ttn.loyalty.testcases.GenerateEnqiryTest" name="Existing_transaction_id" time="0.829"/>
  <system-out/>
</testsuite> <!-- com.ttn.loyalty.testcases.GenerateEnqiryTest -->
